#
# A fatal error has been detected by the Java Runtime Environment:
#
#  EXCEPTION_STACK_OVERFLOW (0xc00000fd) at pc=0x000000006655e357, pid=18068, tid=19904
#
# JRE version:  (7.0_71-b14) (build )
# Java VM: Java HotSpot(TM) 64-Bit Server VM (24.71-b01 mixed mode windows-amd64 compressed oops)
# Problematic frame:
# V  [jvm.dll+0x1ce357]
#
# Failed to write core dump. Minidumps are not enabled by default on client versions of Windows
#
# If you would like to submit a bug report, please visit:
#   http://bugreport.sun.com/bugreport/crash.jsp
#

---------------  T H R E A D  ---------------

Current thread (0x00000000021fa800):  JavaThread "Finalizer" daemon [_thread_in_vm, id=19904, stack(0x0000000009de0000,0x0000000009ee0000)]

siginfo: ExceptionCode=0xc00000fd, ExceptionInformation=0x0000000000000001 0x0000000009edc6b0 

Registers:
RAX=0x0000000009edc6b0, RBX=0x0000000000000004, RCX=0x0000000000003000, RDX=0x0000000009de9178
RSP=0x0000000009edf6b0, RBP=0x0000000000000000, RSI=0x0000000009edf6b0, RDI=0x0000000000000004
R8 =0x0000000000000009, R9 =0x00000000021fa800, R10=0x0000000009edf8f0, R11=0x0000000009edf9d0
R12=0x0000000009edf9d0, R13=0x0000000009edf7f8, R14=0x0000000009edf900, R15=0x0000000002740840
RIP=0x000000006655e357, EFLAGS=0x0000000000010202

Top of Stack: (sp=0x0000000009edf6b0)
0x0000000009edf6b0:   000000000218e140 0000000000000000
0x0000000009edf6c0:   0000000000000000 000000006642fd83
0x0000000009edf6d0:   0000000000000000 000000006655ee9a
0x0000000009edf6e0:   0000000009edf900 000000000218e140
0x0000000009edf6f0:   00000000021fa800 00000000021fa800
0x0000000009edf700:   0000000000000000 0000000000000000
0x0000000009edf710:   0000000000000000 0000000066432fdd
0x0000000009edf720:   00000000021fa800 0000000000000000
0x0000000009edf730:   0000000000000000 0000000000000000
0x0000000009edf740:   000000000218e140 0000000000000005
0x0000000009edf750:   00000000021fa800 0000000000000000
0x0000000009edf760:   0000000000000000 0000000000000000
0x0000000009edf770:   0000000000000000 0000000007662660
0x0000000009edf780:   00000000021fa800 0000000009edf900
0x0000000009edf790:   0000000007663f90 0000000009edf9d0
0x0000000009edf7a0:   0000000000000000 0000000007663f90 

Instructions: (pc=0x000000006655e357)
0x000000006655e337:   48 89 6c 24 30 33 ed 66 90 e8 db b4 07 00 ff c3
0x000000006655e347:   48 63 c8 48 8b c6 48 0f af cf 48 ff c7 48 2b c1
0x000000006655e357:   89 28 48 63 c3 48 3b 05 cd c3 52 00 7e db 48 8b
0x000000006655e367:   6c 24 30 48 8b 5c 24 38 48 8b 74 24 40 48 83 c4 


Register to memory mapping:

RAX=0x0000000009edc6b0 is pointing into the stack for thread: 0x00000000021fa800
RBX=0x0000000000000004 is an unknown value
RCX=0x0000000000003000 is an unknown value
RDX=0x0000000009de9178 is pointing into the stack for thread: 0x00000000021fa800
RSP=0x0000000009edf6b0 is pointing into the stack for thread: 0x00000000021fa800
RBP=0x0000000000000000 is an unknown value
RSI=0x0000000009edf6b0 is pointing into the stack for thread: 0x00000000021fa800
RDI=0x0000000000000004 is an unknown value
R8 =0x0000000000000009 is an unknown value
R9 =0x00000000021fa800 is a thread
R10=0x0000000009edf8f0 is pointing into the stack for thread: 0x00000000021fa800
R11=0x0000000009edf9d0 is pointing into the stack for thread: 0x00000000021fa800
R12=0x0000000009edf9d0 is pointing into the stack for thread: 0x00000000021fa800
R13=0x0000000009edf7f8 is pointing into the stack for thread: 0x00000000021fa800
R14=0x0000000009edf900 is pointing into the stack for thread: 0x00000000021fa800
R15=0x0000000002740840 is at code_begin+0 in an Interpreter codelet
method entry point (kind = zerolocals)  [0x0000000002740840, 0x0000000002740b40]  768 bytes


Stack: [0x0000000009de0000,0x0000000009ee0000],  sp=0x0000000009edf6b0,  free space=1021k
Native frames: (J=compiled Java code, j=interpreted, Vv=VM code, C=native code)
V  [jvm.dll+0x1ce357]
