#
# There is insufficient memory for the Java Runtime Environment to continue.
# Native memory allocation (malloc) failed to allocate 757376 bytes for Chunk::new
# Possible reasons:
#   The system is out of physical RAM or swap space
#   In 32 bit mode, the process size limit was hit
# Possible solutions:
#   Reduce memory load on the system
#   Increase physical memory or swap space
#   Check if swap backing store is full
#   Use 64 bit Java on a 64 bit OS
#   Decrease Java heap size (-Xmx/-Xms)
#   Decrease number of Java threads
#   Decrease Java thread stack sizes (-Xss)
#   Set larger code cache with -XX:ReservedCodeCacheSize=
# This output file may be truncated or incomplete.
#
#  Out of Memory Error (allocation.cpp:323), pid=21812, tid=17908
#
# JRE version: Java(TM) SE Runtime Environment (7.0_71-b14) (build 1.7.0_71-b14)
# Java VM: Java HotSpot(TM) 64-Bit Server VM (24.71-b01 mixed mode windows-amd64 compressed oops)
# Failed to write core dump. Minidumps are not enabled by default on client versions of Windows
#

---------------  T H R E A D  ---------------

Current thread (0x00000000077ee800):  JavaThread "C2 CompilerThread0" daemon [_thread_in_native, id=17908, stack(0x000000000a060000,0x000000000a160000)]

Stack: [0x000000000a060000,0x000000000a160000]
[error occurred during error reporting (printing stack bounds), id 0xc0000005]


Current CompileTask:
C2:   2633  219             com.android.dx.ssa.SsaRenamer$BlockRenamer::process (191 bytes)


---------------  P R O C E S S  ---------------

Java Threads: ( => current thread )
  0x0000000008889000 JavaThread "Service Thread" daemon [_thread_blocked, id=23244, stack(0x000000000a340000,0x000000000a440000)]
  0x0000000008887000 JavaThread "C2 CompilerThread1" daemon [_thread_in_native, id=14236, stack(0x000000000a170000,0x000000000a270000)]
=>0x00000000077ee800 JavaThread "C2 CompilerThread0" daemon [_thread_in_native, id=17908, stack(0x000000000a060000,0x000000000a160000)]
  0x00000000077ee000 JavaThread "Attach Listener" daemon [_thread_blocked, id=10516, stack(0x0000000009e40000,0x0000000009f40000)]
  0x00000000077ed000 JavaThread "Signal Dispatcher" daemon [_thread_blocked, id=20780, stack(0x0000000009c20000,0x0000000009d20000)]
  0x000000000220d800 JavaThread "Finalizer" daemon [_thread_blocked, id=1856, stack(0x0000000009950000,0x0000000009a50000)]
  0x000000000220c800 JavaThread "Reference Handler" daemon [_thread_blocked, id=20200, stack(0x0000000009aa0000,0x0000000009ba0000)]
  0x0000000002179000 JavaThread "main" [_thread_in_Java, id=13772, stack(0x0000000002320000,0x0000000002420000)]

Other Threads:
  0x00000000077cd800 VMThread [stack: 0x0000000009820000,0x0000000009920000] [id=18156]
  0x000000000888e000 WatcherThread [stack: 0x000000000a490000,0x000000000a590000] [id=22332]

VM state:not at safepoint (normal execution)

VM Mutex/Monitor currently owned by a thread: None

Heap
 PSYoungGen      total 37888K, used 11302K [0x00000000f5500000, 0x00000000f7f00000, 0x0000000100000000)
  eden space 32768K, 18% used [0x00000000f5500000,0x00000000f5b0af38,0x00000000f7500000)
  from space 5120K, 99% used [0x00000000f7500000,0x00000000f79feaa8,0x00000000f7a00000)
  to   space 5120K, 0% used [0x00000000f7a00000,0x00000000f7a00000,0x00000000f7f00000)
 ParOldGen       total 85504K, used 2973K [0x00000000e0000000, 0x00000000e5380000, 0x00000000f5500000)
  object space 85504K, 3% used [0x00000000e0000000,0x00000000e02e7498,0x00000000e5380000)
 PSPermGen       total 21504K, used 5535K [0x00000000dae00000, 0x00000000dc300000, 0x00000000e0000000)
  object space 21504K, 25% used [0x00000000dae00000,0x00000000db367d60,0x00000000dc300000)

Card table byte_map: [0x00000000054e0000,0x0000000005610000] byte_map_base: 0x0000000004e09000

Polling page: 0x0000000000440000

Code Cache  [0x0000000002420000, 0x0000000002690000, 0x0000000005420000)
 total_blobs=451 nmethods=217 adapters=186 free_code_cache=48254Kb largest_free_block=49386944

Compilation events (10 events):
Event: 2.286 Thread 0x00000000077ee800 nmethod 213 0x00000000024f34d0 code [0x00000000024f3600, 0x00000000024f3658]
Event: 2.286 Thread 0x00000000077ee800  214   !         com.android.dx.cf.code.Ropper::processBlock (1101 bytes)
Event: 2.484 Thread 0x00000000077ee800 nmethod 214 0x00000000024fd510 code [0x00000000024fda20, 0x00000000025010b8]
Event: 2.484 Thread 0x00000000077ee800  215             com.android.dx.ssa.SsaBasicBlock::newFromRop (183 bytes)
Event: 2.551 Thread 0x00000000077ee800 nmethod 215 0x00000000024f5bd0 code [0x00000000024f5ec0, 0x00000000024f7bc0]
Event: 2.551 Thread 0x00000000077ee800  217             com.android.dx.util.Bits::makeBitSet (11 bytes)
Event: 2.552 Thread 0x00000000077ee800 nmethod 217 0x00000000024f3210 code [0x00000000024f3360, 0x00000000024f3438]
Event: 2.552 Thread 0x00000000077ee800  218             java.util.AbstractMap::<init> (15 bytes)
Event: 2.553 Thread 0x00000000077ee800 nmethod 218 0x00000000024f3010 code [0x00000000024f3140, 0x00000000024f3198]
Event: 2.553 Thread 0x00000000077ee800  219             com.android.dx.ssa.SsaRenamer$BlockRenamer::process (191 bytes)

GC Heap History (2 events):
Event: 2.403 GC heap before
{Heap before GC invocations=1 (full 0):
 PSYoungGen      total 37888K, used 32768K [0x00000000f5500000, 0x00000000f7f00000, 0x0000000100000000)
  eden space 32768K, 100% used [0x00000000f5500000,0x00000000f7500000,0x00000000f7500000)
  from space 5120K, 0% used [0x00000000f7a00000,0x00000000f7a00000,0x00000000f7f00000)
  to   space 5120K, 0% used [0x00000000f7500000,0x00000000f7500000,0x00000000f7a00000)
 ParOldGen       total 85504K, used 0K [0x00000000e0000000, 0x00000000e5380000, 0x00000000f5500000)
  object space 85504K, 0% used [0x00000000e0000000,0x00000000e0000000,0x00000000e5380000)
 PSPermGen       total 21504K, used 5503K [0x00000000dae00000, 0x00000000dc300000, 0x00000000e0000000)
  object space 21504K, 25% used [0x00000000dae00000,0x00000000db35fea0,0x00000000dc300000)
Event: 2.478 GC heap after
Heap after GC invocations=1 (full 0):
 PSYoungGen      total 37888K, used 5114K [0x00000000f5500000, 0x00000000f7f00000, 0x0000000100000000)
  eden space 32768K, 0% used [0x00000000f5500000,0x00000000f5500000,0x00000000f7500000)
  from space 5120K, 99% used [0x00000000f7500000,0x00000000f79feaa8,0x00000000f7a00000)
  to   space 5120K, 0% used [0x00000000f7a00000,0x00000000f7a00000,0x00000000f7f00000)
 ParOldGen       total 85504K, used 2973K [0x00000000e0000000, 0x00000000e5380000, 0x00000000f5500000)
  object space 85504K, 3% used [0x00000000e0000000,0x00000000e02e7498,0x00000000e5380000)
 PSPermGen       total 21504K, used 5503K [0x00000000dae00000, 0x00000000dc300000, 0x00000000e0000000)
  object space 21504K, 25% used [0x00000000dae00000,0x00000000db35fea0,0x00000000dc300000)
}

Deoptimization events (7 events):
Event: 1.551 Thread 0x0000000002179000 Uncommon trap: reason=null_check action=make_not_entrant pc=0x000000000249a148 method=com.android.dx.rop.code.LocalItem.equals(Ljava/lang/Object;)Z @ 1
Event: 1.824 Thread 0x0000000002179000 Uncommon trap: reason=class_check action=maybe_recompile pc=0x00000000024ab1fc method=com.android.dx.ssa.NormalSsaInsn.accept(Lcom/android/dx/ssa/SsaInsn$Visitor;)V @ 9
Event: 1.824 Thread 0x0000000002179000 Uncommon trap: reason=class_check action=maybe_recompile pc=0x00000000024928f4 method=com.android.dx.ssa.NormalSsaInsn.accept(Lcom/android/dx/ssa/SsaInsn$Visitor;)V @ 9
Event: 1.824 Thread 0x0000000002179000 Uncommon trap: reason=class_check action=maybe_recompile pc=0x00000000024928f4 method=com.android.dx.ssa.NormalSsaInsn.accept(Lcom/android/dx/ssa/SsaInsn$Visitor;)V @ 9
Event: 1.824 Thread 0x0000000002179000 Uncommon trap: reason=class_check action=maybe_recompile pc=0x00000000024ab1fc method=com.android.dx.ssa.NormalSsaInsn.accept(Lcom/android/dx/ssa/SsaInsn$Visitor;)V @ 9
Event: 1.824 Thread 0x0000000002179000 Uncommon trap: reason=class_check action=maybe_recompile pc=0x00000000024928f4 method=com.android.dx.ssa.NormalSsaInsn.accept(Lcom/android/dx/ssa/SsaInsn$Visitor;)V @ 9
Event: 2.163 Thread 0x0000000002179000 Uncommon trap: reason=null_check action=make_not_entrant pc=0x00000000024e0b38 method=com.android.dx.ssa.SsaRenamer.getLocalForNewReg(I)Lcom/android/dx/rop/code/LocalItem; @ 19

Internal exceptions (10 events):
Event: 1.411 Thread 0x0000000002179000 Threw 0x00000000f5d737e0 at C:\re\jdk7u71\1605\hotspot\src\share\vm\prims\jvm.cpp:1281
Event: 1.411 Thread 0x0000000002179000 Threw 0x00000000f5d75f90 at C:\re\jdk7u71\1605\hotspot\src\share\vm\prims\jvm.cpp:1281
Event: 1.412 Thread 0x0000000002179000 Threw 0x00000000f5d78690 at C:\re\jdk7u71\1605\hotspot\src\share\vm\prims\jvm.cpp:1281
Event: 1.412 Thread 0x0000000002179000 Threw 0x00000000f5d7b360 at C:\re\jdk7u71\1605\hotspot\src\share\vm\prims\jvm.cpp:1281
Event: 1.435 Thread 0x0000000002179000 Threw 0x00000000f5ddae70 at C:\re\jdk7u71\1605\hotspot\src\share\vm\prims\jvm.cpp:1281
Event: 1.551 Thread 0x0000000002179000 Implicit null exception at 0x0000000002499def to 0x000000000249a135
Event: 1.688 Thread 0x0000000002179000 Threw 0x00000000f61c1408 at C:\re\jdk7u71\1605\hotspot\src\share\vm\prims\jvm.cpp:1281
Event: 2.119 Thread 0x0000000002179000 Threw 0x00000000f6ae3298 at C:\re\jdk7u71\1605\hotspot\src\share\vm\prims\jvm.cpp:1281
Event: 2.163 Thread 0x0000000002179000 Implicit null exception at 0x00000000024df824 to 0x00000000024e0b09
Event: 2.626 Thread 0x0000000002179000 Threw 0x00000000f5a66008 at C:\re\jdk7u71\1605\hotspot\src\share\vm\prims\jvm.cpp:1281

Events (10 events):
Event: 1.840 loading class 0x000000000889c490 done
Event: 2.119 loading class 0x00000000088d8f30
Event: 2.119 loading class 0x00000000088d8f30 done
Event: 2.163 Thread 0x0000000002179000 Uncommon trap: trap_request=0xfffffff4 fr.pc=0x00000000024e0b38
Event: 2.163 Thread 0x0000000002179000 DEOPT PACKING pc=0x00000000024e0b38 sp=0x000000000241eaa0
Event: 2.163 Thread 0x0000000002179000 DEOPT UNPACKING pc=0x00000000024575a4 sp=0x000000000241e838 mode 2
Event: 2.403 Executing VM operation: ParallelGCFailedAllocation
Event: 2.478 Executing VM operation: ParallelGCFailedAllocation done
Event: 2.625 loading class 0x000000000894d070
Event: 2.625 loading class 0x000000000894d070 done


Dynamic libraries:
0x000000013f2f0000 - 0x000000013f323000 	C:\Program Files\Java\jdk1.7.0_71\bin\java.exe
0x0000000077040000 - 0x00000000771e9000 	C:\Windows\SYSTEM32\ntdll.dll
0x0000000076e20000 - 0x0000000076f3f000 	C:\Windows\system32\kernel32.dll
0x000007fefc3e0000 - 0x000007fefc44c000 	C:\Windows\system32\KERNELBASE.dll
0x000007fefc600000 - 0x000007fefc6db000 	C:\Windows\system32\ADVAPI32.dll
0x000007fefddc0000 - 0x000007fefde5f000 	C:\Windows\system32\msvcrt.dll
0x000007fefdb30000 - 0x000007fefdb4f000 	C:\Windows\SYSTEM32\sechost.dll
0x000007fefe340000 - 0x000007fefe46d000 	C:\Windows\system32\RPCRT4.dll
0x0000000076f40000 - 0x000000007703a000 	C:\Windows\system32\USER32.dll
0x000007fefd680000 - 0x000007fefd6e7000 	C:\Windows\system32\GDI32.dll
0x000007fefdd60000 - 0x000007fefdd6e000 	C:\Windows\system32\LPK.dll
0x000007fefde60000 - 0x000007fefdf29000 	C:\Windows\system32\USP10.dll
0x000007fefaa60000 - 0x000007fefac54000 	C:\Windows\WinSxS\amd64_microsoft.windows.common-controls_6595b64144ccf1df_6.0.7601.17514_none_fa396087175ac9ac\COMCTL32.dll
0x000007fefdb50000 - 0x000007fefdbc1000 	C:\Windows\system32\SHLWAPI.dll
0x000007fefc6e0000 - 0x000007fefc70e000 	C:\Windows\system32\IMM32.DLL
0x000007fefc450000 - 0x000007fefc559000 	C:\Windows\system32\MSCTF.dll
0x0000000071f30000 - 0x0000000072002000 	C:\Program Files\Java\jdk1.7.0_71\jre\bin\msvcr100.dll
0x000000006e3c0000 - 0x000000006eb93000 	C:\Program Files\Java\jdk1.7.0_71\jre\bin\server\jvm.dll
0x000007fef7f00000 - 0x000007fef7f09000 	C:\Windows\system32\WSOCK32.dll
0x000007fefdd70000 - 0x000007fefddbd000 	C:\Windows\system32\WS2_32.dll
0x000007fefdd50000 - 0x000007fefdd58000 	C:\Windows\system32\NSI.dll
0x000007fef9ac0000 - 0x000007fef9afb000 	C:\Windows\system32\WINMM.dll
0x0000000077210000 - 0x0000000077217000 	C:\Windows\system32\PSAPI.DLL
0x000000006b720000 - 0x000000006b72f000 	C:\Program Files\Java\jdk1.7.0_71\jre\bin\verify.dll
0x000000006b6f0000 - 0x000000006b718000 	C:\Program Files\Java\jdk1.7.0_71\jre\bin\java.dll
0x0000000050700000 - 0x0000000050715000 	C:\Program Files\Java\jdk1.7.0_71\jre\bin\zip.dll
0x00000000506e0000 - 0x00000000506f9000 	C:\Program Files\Java\jdk1.7.0_71\jre\bin\net.dll
0x000007fefb870000 - 0x000007fefb8c5000 	C:\Windows\system32\mswsock.dll
0x000007fefbaf0000 - 0x000007fefbaf7000 	C:\Windows\System32\wship6.dll
0x00000000506c0000 - 0x00000000506d1000 	C:\Program Files\Java\jdk1.7.0_71\jre\bin\nio.dll

VM Arguments:
jvm_args: -Xmx1024M -Dfile.encoding=windows-1252 -Duser.country=GB -Duser.language=en -Duser.variant -Xmx512M 
java_command: com.android.dx.command.Main --dex --output I:\GitHub\SpotifyStreamer\app\build\intermediates\pre-dexed\debug\okhttp-2.2.0-1fdb7ab7cfafde28b7c9f9b473d144cd79d7dcaa.jar C:\Users\htan\.gradle\caches\modules-2\files-2.1\com.squareup.okhttp\okhttp\2.2.0\959c454243581fdf730abfd4f4745441724bcf2c\okhttp-2.2.0.jar
Launcher Type: SUN_STANDARD

Environment Variables:
JAVA_HOME=C:\Program Files\Java\jdk1.7.0_71
_JAVA_OPTIONS=-Xmx512M
PATH=C:\ProgramData\Oracle\Java\javapath;C:\Windows\system32;C:\Windows;C:\Windows\System32\Wbem;C:\Windows\System32\WindowsPowerShell\v1.0\;C:\Program Files (x86)\Microsoft SQL Server\100\Tools\Binn\VSShell\Common7\IDE\;C:\Program Files (x86)\Microsoft SQL Server\100\Tools\Binn\;C:\Program Files\Microsoft SQL Server\100\Tools\Binn\;C:\Program Files (x86)\Microsoft SQL Server\100\DTS\Binn\;C:\Program Files\Microsoft SQL Server\100\DTS\Binn\;C:\Program Files (x86)\Microsoft Team Foundation Server 2012 Power Tools\;C:\Program Files (x86)\Microsoft Team Foundation Server 2012 Power Tools\Best Practices Analyzer\;C:\Program Files\System Center Operations Manager 2007\;C:\Program Files (x86)\Microsoft ASP.NET\ASP.NET Web Pages\v1.0\;C:\Program Files\Microsoft SQL Server\110\Tools\Binn\;C:\Program Files\Microsoft\Web Platform Installer\;C:\Program Files\Devart\Review Assistant;C:\Program Files\Microsoft SQL Server\120\Tools\Binn\;C:\Program Files\nodejs\;C:\Users\htan\Documents\Visual Studio 2012\Projects\MvcApplication2\node_modules\protractor\selenium;C:\Program Files (x86)\Git\cmd;C:\Program Files (x86)\GtkSharp\2.12\bin;C:\Program Files (x86)\Skype\Phone\;C:\Program Files (x86)\Windows Kits\8.1\Windows Performance Toolkit\;C:\Program Files (x86)\Microsoft SDKs\TypeScript\1.4\;C:\Program Files (x86)\nodejs\;C:\Ruby193\bin;C:\Program Files\Java\jdk1.7.0_71;C:\Program Files\Java\jre7;C:\apache-ant-1.9.3\bin;I:\Android\android-sdk\tools;I:\Android\android-sdk\platform-tools;C:\Users\htan\AppData\Roaming\npm
USERNAME=htan
OS=Windows_NT
PROCESSOR_IDENTIFIER=Intel64 Family 6 Model 42 Stepping 7, GenuineIntel



---------------  S Y S T E M  ---------------

OS: Windows 7 , 64 bit Build 7601 Service Pack 1

CPU:total 8 (4 cores per cpu, 2 threads per core) family 6 model 42 stepping 7, cmov, cx8, fxsr, mmx, sse, sse2, sse3, ssse3, sse4.1, sse4.2, popcnt, avx, aes, ht, tsc, tscinvbit

Memory: 4k page, physical 8233400k(494432k free), swap 9598696k(4612k free)

vm_info: Java HotSpot(TM) 64-Bit Server VM (24.71-b01) for windows-amd64 JRE (1.7.0_71-b14), built on Sep 26 2014 16:16:12 by "java_re" with unknown MS VC++:1600

time: Tue Jun 30 13:39:31 2015
elapsed time: 2 seconds

