#
# There is insufficient memory for the Java Runtime Environment to continue.
# Native memory allocation (malloc) failed to allocate 91456 bytes for Chunk::new
# Possible reasons:
#   The system is out of physical RAM or swap space
#   In 32 bit mode, the process size limit was hit
# Possible solutions:
#   Reduce memory load on the system
#   Increase physical memory or swap space
#   Check if swap backing store is full
#   Use 64 bit Java on a 64 bit OS
#   Decrease Java heap size (-Xmx/-Xms)
#   Decrease number of Java threads
#   Decrease Java thread stack sizes (-Xss)
#   Set larger code cache with -XX:ReservedCodeCacheSize=
# This output file may be truncated or incomplete.
#
#  Out of Memory Error (allocation.cpp:323), pid=52820, tid=36132
#
# JRE version: Java(TM) SE Runtime Environment (7.0_71-b14) (build 1.7.0_71-b14)
# Java VM: Java HotSpot(TM) 64-Bit Server VM (24.71-b01 mixed mode windows-amd64 compressed oops)
# Failed to write core dump. Minidumps are not enabled by default on client versions of Windows
#

---------------  T H R E A D  ---------------

Current thread (0x00000000073eb000):  JavaThread "C2 CompilerThread1" daemon [_thread_in_native, id=36132, stack(0x0000000009ca0000,0x0000000009da0000)]

Stack: [0x0000000009ca0000,0x0000000009da0000]
[error occurred during error reporting (printing stack bounds), id 0xc0000005]


Current CompileTask:
C2:   3972  380   !         com.android.dx.cf.code.RopperMachine::run (1550 bytes)


---------------  P R O C E S S  ---------------

Java Threads: ( => current thread )
  0x0000000008489000 JavaThread "Service Thread" daemon [_thread_blocked, id=53108, stack(0x0000000009e90000,0x0000000009f90000)]
=>0x00000000073eb000 JavaThread "C2 CompilerThread1" daemon [_thread_in_native, id=36132, stack(0x0000000009ca0000,0x0000000009da0000)]
  0x00000000073e7000 JavaThread "C2 CompilerThread0" daemon [_thread_in_native, id=30704, stack(0x0000000009b70000,0x0000000009c70000)]
  0x00000000073e5800 JavaThread "Attach Listener" daemon [_thread_blocked, id=52432, stack(0x00000000099a0000,0x0000000009aa0000)]
  0x00000000073e5000 JavaThread "Signal Dispatcher" daemon [_thread_blocked, id=52636, stack(0x0000000009810000,0x0000000009910000)]
  0x00000000073d7000 JavaThread "Finalizer" daemon [_thread_blocked, id=3020, stack(0x0000000009710000,0x0000000009810000)]
  0x00000000073d0800 JavaThread "Reference Handler" daemon [_thread_blocked, id=28620, stack(0x0000000009480000,0x0000000009580000)]
  0x0000000001de9000 JavaThread "main" [_thread_in_Java, id=52548, stack(0x0000000001fb0000,0x00000000020b0000)]

Other Threads:
  0x00000000073cd000 VMThread [stack: 0x0000000009580000,0x0000000009680000] [id=38356]
  0x000000000849a800 WatcherThread [stack: 0x000000000a000000,0x000000000a100000] [id=30820]

VM state:not at safepoint (normal execution)

VM Mutex/Monitor currently owned by a thread: None

Heap
 PSYoungGen      total 70656K, used 6389K [0x00000000f5500000, 0x00000000f9f00000, 0x0000000100000000)
  eden space 65536K, 1% used [0x00000000f5500000,0x00000000f56424f8,0x00000000f9500000)
  from space 5120K, 99% used [0x00000000f9a00000,0x00000000f9efb2c0,0x00000000f9f00000)
  to   space 5120K, 0% used [0x00000000f9500000,0x00000000f9500000,0x00000000f9a00000)
 ParOldGen       total 85504K, used 6419K [0x00000000e0000000, 0x00000000e5380000, 0x00000000f5500000)
  object space 85504K, 7% used [0x00000000e0000000,0x00000000e0644d18,0x00000000e5380000)
 PSPermGen       total 21504K, used 5616K [0x00000000dae00000, 0x00000000dc300000, 0x00000000e0000000)
  object space 21504K, 26% used [0x00000000dae00000,0x00000000db37c1e0,0x00000000dc300000)

Card table byte_map: [0x0000000005170000,0x00000000052a0000] byte_map_base: 0x0000000004a99000

Polling page: 0x0000000000230000

Code Cache  [0x00000000020b0000, 0x0000000002320000, 0x00000000050b0000)
 total_blobs=615 nmethods=381 adapters=186 free_code_cache=47620Kb largest_free_block=48726080

Compilation events (10 events):
Event: 3.490 Thread 0x00000000073eb000 nmethod 368 0x0000000002232e10 code [0x00000000022330e0, 0x00000000022348f0]
Event: 3.490 Thread 0x00000000073eb000  379             com.android.dx.dex.code.RopTranslator$TranslationVisitor::addOutput (9 bytes)
Event: 3.497 Thread 0x00000000073eb000 nmethod 379 0x0000000002217610 code [0x00000000022177a0, 0x0000000002217be8]
Event: 3.497 Thread 0x00000000073eb000  380   !         com.android.dx.cf.code.RopperMachine::run (1550 bytes)
Event: 3.506 Thread 0x00000000073e7000 nmethod 378 0x000000000222fc90 code [0x0000000002230120, 0x0000000002230c00]
Event: 3.506 Thread 0x00000000073e7000  381             com.android.dx.util.FixedSizeList::shrinkToFit (103 bytes)
Event: 3.512 Thread 0x00000000073e7000 nmethod 381 0x0000000002232790 code [0x00000000022328e0, 0x0000000002232c58]
Event: 3.512 Thread 0x00000000073e7000  382             com.android.dx.cf.code.BasicBlocker::addWorkIfNecessary (32 bytes)
Event: 3.967 Thread 0x00000000073e7000 nmethod 382 0x00000000022171d0 code [0x0000000002217320, 0x0000000002217458]
Event: 3.967 Thread 0x00000000073e7000  383             com.android.dx.ssa.SsaConverter::edgeSplitMoveExceptionsAndResults (157 bytes)

GC Heap History (4 events):
Event: 2.120 GC heap before
{Heap before GC invocations=1 (full 0):
 PSYoungGen      total 37888K, used 32768K [0x00000000f5500000, 0x00000000f7f00000, 0x0000000100000000)
  eden space 32768K, 100% used [0x00000000f5500000,0x00000000f7500000,0x00000000f7500000)
  from space 5120K, 0% used [0x00000000f7a00000,0x00000000f7a00000,0x00000000f7f00000)
  to   space 5120K, 0% used [0x00000000f7500000,0x00000000f7500000,0x00000000f7a00000)
 ParOldGen       total 85504K, used 0K [0x00000000e0000000, 0x00000000e5380000, 0x00000000f5500000)
  object space 85504K, 0% used [0x00000000e0000000,0x00000000e0000000,0x00000000e5380000)
 PSPermGen       total 21504K, used 5546K [0x00000000dae00000, 0x00000000dc300000, 0x00000000e0000000)
  object space 21504K, 25% used [0x00000000dae00000,0x00000000db36ab20,0x00000000dc300000)
Event: 2.629 GC heap after
Heap after GC invocations=1 (full 0):
 PSYoungGen      total 37888K, used 5090K [0x00000000f5500000, 0x00000000f9f00000, 0x0000000100000000)
  eden space 32768K, 0% used [0x00000000f5500000,0x00000000f5500000,0x00000000f7500000)
  from space 5120K, 99% used [0x00000000f7500000,0x00000000f79f89b8,0x00000000f7a00000)
  to   space 5120K, 0% used [0x00000000f9a00000,0x00000000f9a00000,0x00000000f9f00000)
 ParOldGen       total 85504K, used 1216K [0x00000000e0000000, 0x00000000e5380000, 0x00000000f5500000)
  object space 85504K, 1% used [0x00000000e0000000,0x00000000e01300c8,0x00000000e5380000)
 PSPermGen       total 21504K, used 5546K [0x00000000dae00000, 0x00000000dc300000, 0x00000000e0000000)
  object space 21504K, 25% used [0x00000000dae00000,0x00000000db36ab20,0x00000000dc300000)
}
Event: 3.513 GC heap before
{Heap before GC invocations=2 (full 0):
 PSYoungGen      total 37888K, used 37858K [0x00000000f5500000, 0x00000000f9f00000, 0x0000000100000000)
  eden space 32768K, 100% used [0x00000000f5500000,0x00000000f7500000,0x00000000f7500000)
  from space 5120K, 99% used [0x00000000f7500000,0x00000000f79f89b8,0x00000000f7a00000)
  to   space 5120K, 0% used [0x00000000f9a00000,0x00000000f9a00000,0x00000000f9f00000)
 ParOldGen       total 85504K, used 1216K [0x00000000e0000000, 0x00000000e5380000, 0x00000000f5500000)
  object space 85504K, 1% used [0x00000000e0000000,0x00000000e01300c8,0x00000000e5380000)
 PSPermGen       total 21504K, used 5616K [0x00000000dae00000, 0x00000000dc300000, 0x00000000e0000000)
  object space 21504K, 26% used [0x00000000dae00000,0x00000000db37c100,0x00000000dc300000)
Event: 3.966 GC heap after
Heap after GC invocations=2 (full 0):
 PSYoungGen      total 70656K, used 5100K [0x00000000f5500000, 0x00000000f9f00000, 0x0000000100000000)
  eden space 65536K, 0% used [0x00000000f5500000,0x00000000f5500000,0x00000000f9500000)
  from space 5120K, 99% used [0x00000000f9a00000,0x00000000f9efb2c0,0x00000000f9f00000)
  to   space 5120K, 0% used [0x00000000f9500000,0x00000000f9500000,0x00000000f9a00000)
 ParOldGen       total 85504K, used 6419K [0x00000000e0000000, 0x00000000e5380000, 0x00000000f5500000)
  object space 85504K, 7% used [0x00000000e0000000,0x00000000e0644d18,0x00000000e5380000)
 PSPermGen       total 21504K, used 5616K [0x00000000dae00000, 0x00000000dc300000, 0x00000000e0000000)
  object space 21504K, 26% used [0x00000000dae00000,0x00000000db37c100,0x00000000dc300000)
}

Deoptimization events (10 events):
Event: 2.755 Thread 0x0000000001de9000 Uncommon trap: reason=class_check action=maybe_recompile pc=0x00000000021977e4 method=com.android.dx.ssa.SCCP.simulatePhi(Lcom/android/dx/ssa/PhiInsn;)V @ 124
Event: 2.756 Thread 0x0000000001de9000 Uncommon trap: reason=class_check action=maybe_recompile pc=0x00000000021977e4 method=com.android.dx.ssa.SCCP.simulatePhi(Lcom/android/dx/ssa/PhiInsn;)V @ 124
Event: 3.154 Thread 0x0000000001de9000 Uncommon trap: reason=unreached action=reinterpret pc=0x00000000021cc008 method=com.android.dx.cf.code.Ropper.processBlock(Lcom/android/dx/cf/code/ByteBlock;Lcom/android/dx/cf/code/Frame;[I)V @ 513
Event: 3.285 Thread 0x0000000001de9000 Uncommon trap: reason=class_check action=maybe_recompile pc=0x00000000021e54ec method=com.android.dx.cf.code.BytecodeArray.parseInstruction(ILcom/android/dx/cf/code/BytecodeArray$Visitor;)I @ 987
Event: 3.286 Thread 0x0000000001de9000 Uncommon trap: reason=class_check action=maybe_recompile pc=0x00000000021e54ec method=com.android.dx.cf.code.BytecodeArray.parseInstruction(ILcom/android/dx/cf/code/BytecodeArray$Visitor;)I @ 987
Event: 3.371 Thread 0x0000000001de9000 Uncommon trap: reason=class_check action=maybe_recompile pc=0x00000000021e54ec method=com.android.dx.cf.code.BytecodeArray.parseInstruction(ILcom/android/dx/cf/code/BytecodeArray$Visitor;)I @ 987
Event: 3.372 Thread 0x0000000001de9000 Uncommon trap: reason=class_check action=maybe_recompile pc=0x00000000021e54ec method=com.android.dx.cf.code.BytecodeArray.parseInstruction(ILcom/android/dx/cf/code/BytecodeArray$Visitor;)I @ 987
Event: 3.492 Thread 0x0000000001de9000 Uncommon trap: reason=class_check action=maybe_recompile pc=0x00000000021977e4 method=com.android.dx.ssa.SCCP.simulatePhi(Lcom/android/dx/ssa/PhiInsn;)V @ 124
Event: 3.492 Thread 0x0000000001de9000 Uncommon trap: reason=class_check action=maybe_recompile pc=0x00000000021977e4 method=com.android.dx.ssa.SCCP.simulatePhi(Lcom/android/dx/ssa/PhiInsn;)V @ 124
Event: 3.504 Thread 0x0000000001de9000 Uncommon trap: reason=unreached action=reinterpret pc=0x000000000217d290 method=com.android.dx.ssa.SCCP.simulateBranch(Lcom/android/dx/ssa/SsaInsn;)V @ 132

Internal exceptions (10 events):
Event: 1.100 Thread 0x0000000001de9000 Threw 0x00000000f626e638 at C:\re\jdk7u71\1605\hotspot\src\share\vm\prims\jvm.cpp:1281
Event: 1.101 Thread 0x0000000001de9000 Threw 0x00000000f62736b8 at C:\re\jdk7u71\1605\hotspot\src\share\vm\prims\jvm.cpp:1281
Event: 1.201 Thread 0x0000000001de9000 Implicit null exception at 0x0000000002145f52 to 0x0000000002146042
Event: 1.234 Thread 0x0000000001de9000 Threw 0x00000000f658ec98 at C:\re\jdk7u71\1605\hotspot\src\share\vm\prims\jvm.cpp:1281
Event: 1.234 Thread 0x0000000001de9000 Threw 0x00000000f65923f0 at C:\re\jdk7u71\1605\hotspot\src\share\vm\prims\jvm.cpp:1281
Event: 1.627 Thread 0x0000000001de9000 Threw 0x00000000f6f6a650 at C:\re\jdk7u71\1605\hotspot\src\share\vm\prims\jvm.cpp:1281
Event: 1.629 Thread 0x0000000001de9000 Threw 0x00000000f6f7a0f8 at C:\re\jdk7u71\1605\hotspot\src\share\vm\prims\jvm.cpp:1281
Event: 1.630 Thread 0x0000000001de9000 Threw 0x00000000f6f7c328 at C:\re\jdk7u71\1605\hotspot\src\share\vm\prims\jvm.cpp:1281
Event: 2.729 Thread 0x0000000001de9000 Threw 0x00000000f56a1120 at C:\re\jdk7u71\1605\hotspot\src\share\vm\prims\jvm.cpp:1281
Event: 3.509 Thread 0x0000000001de9000 Threw 0x00000000f74b91b0 at C:\re\jdk7u71\1605\hotspot\src\share\vm\prims\jvm.cpp:1281

Events (10 events):
Event: 3.492 Thread 0x0000000001de9000 Uncommon trap: trap_request=0xffffffde fr.pc=0x00000000021977e4
Event: 3.492 Thread 0x0000000001de9000 DEOPT PACKING pc=0x00000000021977e4 sp=0x00000000020ae9a0
Event: 3.492 Thread 0x0000000001de9000 DEOPT UNPACKING pc=0x00000000020e75a4 sp=0x00000000020ae928 mode 2
Event: 3.504 Thread 0x0000000001de9000 Uncommon trap: trap_request=0xffffffad fr.pc=0x000000000217d290
Event: 3.504 Thread 0x0000000001de9000 DEOPT PACKING pc=0x000000000217d290 sp=0x00000000020ae930
Event: 3.504 Thread 0x0000000001de9000 DEOPT UNPACKING pc=0x00000000020e75a4 sp=0x00000000020ae8d8 mode 2
Event: 3.509 loading class 0x00000000086a1c20
Event: 3.509 loading class 0x00000000086a1c20 done
Event: 3.513 Executing VM operation: ParallelGCFailedAllocation
Event: 3.967 Executing VM operation: ParallelGCFailedAllocation done


Dynamic libraries:
0x000000013f620000 - 0x000000013f653000 	C:\Program Files\Java\jdk1.7.0_71\bin\java.exe
0x0000000076f10000 - 0x00000000770b9000 	C:\Windows\SYSTEM32\ntdll.dll
0x0000000076df0000 - 0x0000000076f0f000 	C:\Windows\system32\kernel32.dll
0x000007fefc270000 - 0x000007fefc2dc000 	C:\Windows\system32\KERNELBASE.dll
0x000007fefc590000 - 0x000007fefc66b000 	C:\Windows\system32\ADVAPI32.dll
0x000007fefe360000 - 0x000007fefe3ff000 	C:\Windows\system32\msvcrt.dll
0x000007fefdd80000 - 0x000007fefdd9f000 	C:\Windows\SYSTEM32\sechost.dll
0x000007fefcd00000 - 0x000007fefce2d000 	C:\Windows\system32\RPCRT4.dll
0x0000000076cf0000 - 0x0000000076dea000 	C:\Windows\system32\USER32.dll
0x000007fefc3c0000 - 0x000007fefc427000 	C:\Windows\system32\GDI32.dll
0x000007fefccf0000 - 0x000007fefccfe000 	C:\Windows\system32\LPK.dll
0x000007fefe190000 - 0x000007fefe259000 	C:\Windows\system32\USP10.dll
0x000007fefaad0000 - 0x000007fefacc4000 	C:\Windows\WinSxS\amd64_microsoft.windows.common-controls_6595b64144ccf1df_6.0.7601.17514_none_fa396087175ac9ac\COMCTL32.dll
0x000007fefdee0000 - 0x000007fefdf51000 	C:\Windows\system32\SHLWAPI.dll
0x000007fefdd50000 - 0x000007fefdd7e000 	C:\Windows\system32\IMM32.DLL
0x000007fefce30000 - 0x000007fefcf39000 	C:\Windows\system32\MSCTF.dll
0x000000005ba40000 - 0x000000005bb12000 	C:\Program Files\Java\jdk1.7.0_71\jre\bin\msvcr100.dll
0x000000006e170000 - 0x000000006e943000 	C:\Program Files\Java\jdk1.7.0_71\jre\bin\server\jvm.dll
0x000007fef7dd0000 - 0x000007fef7dd9000 	C:\Windows\system32\WSOCK32.dll
0x000007fefe310000 - 0x000007fefe35d000 	C:\Windows\system32\WS2_32.dll
0x000007fefe300000 - 0x000007fefe308000 	C:\Windows\system32\NSI.dll
0x000007fef9880000 - 0x000007fef98bb000 	C:\Windows\system32\WINMM.dll
0x00000000770d0000 - 0x00000000770d7000 	C:\Windows\system32\PSAPI.DLL
0x0000000070150000 - 0x000000007015f000 	C:\Program Files\Java\jdk1.7.0_71\jre\bin\verify.dll
0x0000000068860000 - 0x0000000068888000 	C:\Program Files\Java\jdk1.7.0_71\jre\bin\java.dll
0x0000000068810000 - 0x0000000068825000 	C:\Program Files\Java\jdk1.7.0_71\jre\bin\zip.dll
0x00000000687f0000 - 0x0000000068809000 	C:\Program Files\Java\jdk1.7.0_71\jre\bin\net.dll
0x000007fefb760000 - 0x000007fefb7b5000 	C:\Windows\system32\mswsock.dll
0x000007fefb750000 - 0x000007fefb757000 	C:\Windows\System32\wship6.dll
0x00000000687d0000 - 0x00000000687e1000 	C:\Program Files\Java\jdk1.7.0_71\jre\bin\nio.dll

VM Arguments:
jvm_args: -Xmx1024M -Dfile.encoding=windows-1252 -Duser.country=GB -Duser.language=en -Duser.variant -Xmx512M 
java_command: com.android.dx.command.Main --dex --output C:\Users\htan\Documents\GitHub\SpotifyStreamer\app\build\intermediates\pre-dexed\debug\glide-3.5.2-7d5479d3f7095b69b7bdd48d81fce2605f8cec62.jar C:\Users\htan\.gradle\caches\modules-2\files-2.1\com.github.bumptech.glide\glide\3.5.2\ecf534dba3a8446ce84cbb797d314763be212a68\glide-3.5.2.jar
Launcher Type: SUN_STANDARD

Environment Variables:
JAVA_HOME=C:\Program Files\Java\jdk1.7.0_71
_JAVA_OPTIONS=-Xmx512M
PATH=C:\ProgramData\Oracle\Java\javapath;C:\Windows\system32;C:\Windows;C:\Windows\System32\Wbem;C:\Windows\System32\WindowsPowerShell\v1.0\;C:\Program Files (x86)\Microsoft SQL Server\100\Tools\Binn\VSShell\Common7\IDE\;C:\Program Files (x86)\Microsoft SQL Server\100\Tools\Binn\;C:\Program Files\Microsoft SQL Server\100\Tools\Binn\;C:\Program Files (x86)\Microsoft SQL Server\100\DTS\Binn\;C:\Program Files\Microsoft SQL Server\100\DTS\Binn\;C:\Program Files (x86)\Microsoft Team Foundation Server 2012 Power Tools\;C:\Program Files (x86)\Microsoft Team Foundation Server 2012 Power Tools\Best Practices Analyzer\;C:\Program Files\System Center Operations Manager 2007\;C:\Program Files (x86)\Microsoft ASP.NET\ASP.NET Web Pages\v1.0\;C:\Program Files\Microsoft SQL Server\110\Tools\Binn\;C:\Program Files\Microsoft\Web Platform Installer\;C:\Program Files\Devart\Review Assistant;C:\Program Files\Microsoft SQL Server\120\Tools\Binn\;C:\Program Files\nodejs\;C:\Users\htan\Documents\Visual Studio 2012\Projects\MvcApplication2\node_modules\protractor\selenium;C:\Program Files (x86)\Git\cmd;C:\Program Files (x86)\GtkSharp\2.12\bin;C:\Program Files (x86)\Skype\Phone\;C:\Program Files (x86)\Windows Kits\8.1\Windows Performance Toolkit\;C:\Program Files (x86)\nodejs\;C:\Program Files (x86)\Microsoft SDKs\TypeScript\1.4\;C:\Ruby193\bin;C:\Program Files\Java\jdk1.7.0_71;C:\Program Files\Java\jre7;C:\Users\htan\AppData\Roaming\npm;C:\apache-ant-1.9.3\bin;I:\Android\android-sdk\tools;I:\Android\android-sdk\platform-tools;
USERNAME=htan
OS=Windows_NT
PROCESSOR_IDENTIFIER=Intel64 Family 6 Model 42 Stepping 7, GenuineIntel



---------------  S Y S T E M  ---------------

OS: Windows 7 , 64 bit Build 7601 Service Pack 1

CPU:total 8 (4 cores per cpu, 2 threads per core) family 6 model 42 stepping 7, cmov, cx8, fxsr, mmx, sse, sse2, sse3, ssse3, sse4.1, sse4.2, popcnt, avx, aes, ht, tsc, tscinvbit

Memory: 4k page, physical 8233400k(1266244k free), swap 10727092k(12600k free)

vm_info: Java HotSpot(TM) 64-Bit Server VM (24.71-b01) for windows-amd64 JRE (1.7.0_71-b14), built on Sep 26 2014 16:16:12 by "java_re" with unknown MS VC++:1600

time: Thu Jun 11 11:14:02 2015
elapsed time: 3 seconds

