#
# There is insufficient memory for the Java Runtime Environment to continue.
# Native memory allocation (malloc) failed to allocate 65552 bytes for Chunk::new
# Possible reasons:
#   The system is out of physical RAM or swap space
#   In 32 bit mode, the process size limit was hit
# Possible solutions:
#   Reduce memory load on the system
#   Increase physical memory or swap space
#   Check if swap backing store is full
#   Use 64 bit Java on a 64 bit OS
#   Decrease Java heap size (-Xmx/-Xms)
#   Decrease number of Java threads
#   Decrease Java thread stack sizes (-Xss)
#   Set larger code cache with -XX:ReservedCodeCacheSize=
# This output file may be truncated or incomplete.
#
#  Out of Memory Error (allocation.cpp:323), pid=1856, tid=1732
#
# JRE version: Java(TM) SE Runtime Environment (7.0_71-b14) (build 1.7.0_71-b14)
# Java VM: Java HotSpot(TM) 64-Bit Server VM (24.71-b01 mixed mode windows-amd64 compressed oops)
# Failed to write core dump. Minidumps are not enabled by default on client versions of Windows
#

---------------  T H R E A D  ---------------

Current thread (0x00000000089bc800):  JavaThread "C2 CompilerThread1" daemon [_thread_in_native, id=1732, stack(0x0000000009dd0000,0x0000000009ed0000)]

Stack: [0x0000000009dd0000,0x0000000009ed0000]
[error occurred during error reporting (printing stack bounds), id 0xc0000005]


[error occurred during error reporting (printing native stack), id 0xc0000005]


Current CompileTask:
C2:   1890  196             com.android.dx.ssa.SCCP::run (298 bytes)


---------------  P R O C E S S  ---------------

Java Threads: ( => current thread )
  0x00000000089c2000 JavaThread "Service Thread" daemon [_thread_blocked, id=17400, stack(0x000000000a460000,0x000000000a560000)]
=>0x00000000089bc800 JavaThread "C2 CompilerThread1" daemon [_thread_in_native, id=1732, stack(0x0000000009dd0000,0x0000000009ed0000)]
  0x000000000780c800 JavaThread "C2 CompilerThread0" daemon [_thread_in_native, id=12888, stack(0x000000000a2c0000,0x000000000a3c0000)]
  0x000000000780b800 JavaThread "Attach Listener" daemon [_thread_blocked, id=18956, stack(0x000000000a0b0000,0x000000000a1b0000)]
  0x000000000780b000 JavaThread "Signal Dispatcher" daemon [_thread_blocked, id=21940, stack(0x0000000009f20000,0x000000000a020000)]
  0x00000000077f7000 JavaThread "Finalizer" daemon [_thread_blocked, id=19124, stack(0x0000000009c70000,0x0000000009d70000)]
  0x00000000077f0800 JavaThread "Reference Handler" daemon [_thread_blocked, id=3928, stack(0x0000000009b60000,0x0000000009c60000)]
  0x00000000022c9000 JavaThread "main" [_thread_in_Java, id=15980, stack(0x0000000002660000,0x0000000002760000)]

Other Threads:
  0x00000000077ed800 VMThread [stack: 0x0000000009970000,0x0000000009a70000] [id=9744]
  0x00000000089cb800 WatcherThread [stack: 0x000000000a670000,0x000000000a770000] [id=4052]

VM state:not at safepoint (normal execution)

VM Mutex/Monitor currently owned by a thread: None

Heap
 PSYoungGen      total 37888K, used 26972K [0x00000000f5500000, 0x00000000f7f00000, 0x0000000100000000)
  eden space 32768K, 82% used [0x00000000f5500000,0x00000000f6f57190,0x00000000f7500000)
  from space 5120K, 0% used [0x00000000f7a00000,0x00000000f7a00000,0x00000000f7f00000)
  to   space 5120K, 0% used [0x00000000f7500000,0x00000000f7500000,0x00000000f7a00000)
 ParOldGen       total 85504K, used 0K [0x00000000e0000000, 0x00000000e5380000, 0x00000000f5500000)
  object space 85504K, 0% used [0x00000000e0000000,0x00000000e0000000,0x00000000e5380000)
 PSPermGen       total 21504K, used 5514K [0x00000000dae00000, 0x00000000dc300000, 0x00000000e0000000)
  object space 21504K, 25% used [0x00000000dae00000,0x00000000db362b88,0x00000000dc300000)

Card table byte_map: [0x00000000023b0000,0x00000000024e0000] byte_map_base: 0x0000000001cd9000

Polling page: 0x0000000000130000

Code Cache  [0x0000000002760000, 0x00000000029d0000, 0x0000000005760000)
 total_blobs=447 nmethods=213 adapters=186 free_code_cache=48297Kb largest_free_block=49419968

Compilation events (10 events):
Event: 1.784 Thread 0x000000000780c800 nmethod 209 0x000000000282db50 code [0x000000000282dca0, 0x000000000282e0b8]
Event: 1.784 Thread 0x000000000780c800  210             com.android.dx.ssa.SsaRenamer::access$000 (5 bytes)
Event: 1.784 Thread 0x000000000780c800 nmethod 210 0x0000000002820d50 code [0x0000000002820e80, 0x0000000002820ed8]
Event: 1.784 Thread 0x000000000780c800  211             com.android.dx.rop.code.Rop::isCallLike (5 bytes)
Event: 1.785 Thread 0x000000000780c800 nmethod 211 0x000000000282d910 code [0x000000000282da40, 0x000000000282da98]
Event: 1.785 Thread 0x000000000780c800  212             com.android.dx.ssa.back.IdenticalBlockCombiner::process (323 bytes)
Event: 1.850 Thread 0x000000000780c800 nmethod 212 0x0000000002835a90 code [0x0000000002835d60, 0x0000000002837b98]
Event: 1.850 Thread 0x000000000780c800  213             java.util.HashMap::<init> (9 bytes)
Event: 1.851 Thread 0x000000000780c800 nmethod 213 0x0000000002834010 code [0x0000000002834160, 0x0000000002834218]
Event: 1.851 Thread 0x000000000780c800  214             com.android.dx.rop.code.LocalVariableExtractor::processBlock (327 bytes)

GC Heap History (0 events):
No events

Deoptimization events (6 events):
Event: 1.167 Thread 0x00000000022c9000 Uncommon trap: reason=unreached action=reinterpret pc=0x00000000027db790 method=java.util.HashMap.containsKey(Ljava/lang/Object;)Z @ 5
Event: 1.436 Thread 0x00000000022c9000 Uncommon trap: reason=null_check action=make_not_entrant pc=0x00000000027de7c0 method=com.android.dx.rop.code.LocalItem.equals(Ljava/lang/Object;)Z @ 1
Event: 1.654 Thread 0x00000000022c9000 Uncommon trap: reason=unreached action=reinterpret pc=0x00000000027e4f44 method=com.android.dx.rop.cst.Constant.compareTo(Lcom/android/dx/rop/cst/Constant;)I @ 12
Event: 1.718 Thread 0x00000000022c9000 Uncommon trap: reason=class_check action=maybe_recompile pc=0x00000000027ed0d0 method=com.android.dx.ssa.NormalSsaInsn.accept(Lcom/android/dx/ssa/SsaInsn$Visitor;)V @ 9
Event: 1.719 Thread 0x00000000022c9000 Uncommon trap: reason=unreached action=reinterpret pc=0x000000000280f3bc method=com.android.dx.ssa.SsaConverter.placePhiFunctions(Lcom/android/dx/ssa/SsaMethod;Lcom/android/dx/ssa/LocalVariableInfo;I)V @ 327
Event: 1.719 Thread 0x00000000022c9000 Uncommon trap: reason=unloaded action=reinterpret pc=0x00000000028189cc method=com.android.dx.ssa.SsaRenamer$BlockRenamer.visitMoveInsn(Lcom/android/dx/ssa/NormalSsaInsn;)V @ 208

Internal exceptions (10 events):
Event: 1.133 Thread 0x00000000022c9000 Threw 0x00000000f5ee6bf8 at C:\re\jdk7u71\1605\hotspot\src\share\vm\prims\jvm.cpp:1281
Event: 1.162 Thread 0x00000000022c9000 Threw 0x00000000f5f6bab0 at C:\re\jdk7u71\1605\hotspot\src\share\vm\prims\jvm.cpp:1281
Event: 1.170 Thread 0x00000000022c9000 Threw 0x00000000f5f95f18 at C:\re\jdk7u71\1605\hotspot\src\share\vm\prims\jvm.cpp:1281
Event: 1.183 Thread 0x00000000022c9000 Threw 0x00000000f5fdd728 at C:\re\jdk7u71\1605\hotspot\src\share\vm\prims\jvm.cpp:1281
Event: 1.266 Thread 0x00000000022c9000 Threw 0x00000000f6150928 at C:\re\jdk7u71\1605\hotspot\src\share\vm\prims\jvm.cpp:1281
Event: 1.436 Thread 0x00000000022c9000 Implicit null exception at 0x00000000027de463 to 0x00000000027de7a5
Event: 1.596 Thread 0x00000000022c9000 Threw 0x00000000f6805108 at C:\re\jdk7u71\1605\hotspot\src\share\vm\prims\jvm.cpp:1281
Event: 1.674 Thread 0x00000000022c9000 Threw 0x00000000f6a70bf0 at C:\re\jdk7u71\1605\hotspot\src\share\vm\prims\jvm.cpp:1281
Event: 1.675 Thread 0x00000000022c9000 Threw 0x00000000f6a7a858 at C:\re\jdk7u71\1605\hotspot\src\share\vm\prims\jvm.cpp:1281
Event: 1.675 Thread 0x00000000022c9000 Threw 0x00000000f6a7c9a8 at C:\re\jdk7u71\1605\hotspot\src\share\vm\prims\jvm.cpp:1281

Events (10 events):
Event: 1.675 loading class 0x0000000008b91a40 done
Event: 1.717 Thread 0x00000000022c9000 Uncommon trap: trap_request=0xffffffde fr.pc=0x00000000027ed0d0
Event: 1.718 Thread 0x00000000022c9000 DEOPT PACKING pc=0x00000000027ed0d0 sp=0x000000000275e580
Event: 1.718 Thread 0x00000000022c9000 DEOPT UNPACKING pc=0x00000000027975a4 sp=0x000000000275e490 mode 2
Event: 1.719 Thread 0x00000000022c9000 Uncommon trap: trap_request=0xffffffad fr.pc=0x000000000280f3bc
Event: 1.719 Thread 0x00000000022c9000 DEOPT PACKING pc=0x000000000280f3bc sp=0x000000000275e710
Event: 1.719 Thread 0x00000000022c9000 DEOPT UNPACKING pc=0x00000000027975a4 sp=0x000000000275e6d0 mode 2
Event: 1.719 Thread 0x00000000022c9000 Uncommon trap: trap_request=0x00000034 fr.pc=0x00000000028189cc
Event: 1.719 Thread 0x00000000022c9000 DEOPT PACKING pc=0x00000000028189cc sp=0x000000000275e600
Event: 1.719 Thread 0x00000000022c9000 DEOPT UNPACKING pc=0x00000000027975a4 sp=0x000000000275e450 mode 2


Dynamic libraries:
0x000000013f1e0000 - 0x000000013f213000 	C:\Program Files\Java\jdk1.7.0_71\bin\java.exe
0x0000000077040000 - 0x00000000771e9000 	C:\Windows\SYSTEM32\ntdll.dll
0x0000000076e20000 - 0x0000000076f3f000 	C:\Windows\system32\kernel32.dll
0x000007fefc3e0000 - 0x000007fefc44c000 	C:\Windows\system32\KERNELBASE.dll
0x000007fefc600000 - 0x000007fefc6db000 	C:\Windows\system32\ADVAPI32.dll
0x000007fefddc0000 - 0x000007fefde5f000 	C:\Windows\system32\msvcrt.dll
0x000007fefdb30000 - 0x000007fefdb4f000 	C:\Windows\SYSTEM32\sechost.dll
0x000007fefe340000 - 0x000007fefe46d000 	C:\Windows\system32\RPCRT4.dll
0x0000000076f40000 - 0x000000007703a000 	C:\Windows\system32\USER32.dll
0x000007fefd680000 - 0x000007fefd6e7000 	C:\Windows\system32\GDI32.dll
0x000007fefdd60000 - 0x000007fefdd6e000 	C:\Windows\system32\LPK.dll
0x000007fefde60000 - 0x000007fefdf29000 	C:\Windows\system32\USP10.dll
0x000007fefaa60000 - 0x000007fefac54000 	C:\Windows\WinSxS\amd64_microsoft.windows.common-controls_6595b64144ccf1df_6.0.7601.17514_none_fa396087175ac9ac\COMCTL32.dll
0x000007fefdb50000 - 0x000007fefdbc1000 	C:\Windows\system32\SHLWAPI.dll
0x000007fefc6e0000 - 0x000007fefc70e000 	C:\Windows\system32\IMM32.DLL
0x000007fefc450000 - 0x000007fefc559000 	C:\Windows\system32\MSCTF.dll
0x000000005cb90000 - 0x000000005cc62000 	C:\Program Files\Java\jdk1.7.0_71\jre\bin\msvcr100.dll
0x0000000077820000 - 0x0000000077ff3000 	C:\Program Files\Java\jdk1.7.0_71\jre\bin\server\jvm.dll
0x000007fef7f00000 - 0x000007fef7f09000 	C:\Windows\system32\WSOCK32.dll
0x000007fefdd70000 - 0x000007fefddbd000 	C:\Windows\system32\WS2_32.dll
0x000007fefdd50000 - 0x000007fefdd58000 	C:\Windows\system32\NSI.dll
0x000007fef9ac0000 - 0x000007fef9afb000 	C:\Windows\system32\WINMM.dll
0x0000000077210000 - 0x0000000077217000 	C:\Windows\system32\PSAPI.DLL
0x0000000072330000 - 0x000000007233f000 	C:\Program Files\Java\jdk1.7.0_71\jre\bin\verify.dll
0x0000000072300000 - 0x0000000072328000 	C:\Program Files\Java\jdk1.7.0_71\jre\bin\java.dll
0x00000000722e0000 - 0x00000000722f5000 	C:\Program Files\Java\jdk1.7.0_71\jre\bin\zip.dll
0x00000000722c0000 - 0x00000000722d9000 	C:\Program Files\Java\jdk1.7.0_71\jre\bin\net.dll
0x000007fefb870000 - 0x000007fefb8c5000 	C:\Windows\system32\mswsock.dll
0x000007fefbaf0000 - 0x000007fefbaf7000 	C:\Windows\System32\wship6.dll
0x00000000722a0000 - 0x00000000722b1000 	C:\Program Files\Java\jdk1.7.0_71\jre\bin\nio.dll

VM Arguments:
jvm_args: -Xmx1024M -Dfile.encoding=windows-1252 -Duser.country=GB -Duser.language=en -Duser.variant -Xmx512M 
java_command: com.android.dx.command.Main --dex --output I:\GitHub\SpotifyStreamer\app\build\intermediates\pre-dexed\debug\classes-d532e535400c098956f825b2eefa6293314061af.jar I:\GitHub\SpotifyStreamer\app\build\intermediates\exploded-aar\com.google.android.gms\play-services-base\7.5.0\jars\classes.jar
Launcher Type: SUN_STANDARD

Environment Variables:
JAVA_HOME=C:\Program Files\Java\jdk1.7.0_71
_JAVA_OPTIONS=-Xmx512M
PATH=C:\ProgramData\Oracle\Java\javapath;C:\Windows\system32;C:\Windows;C:\Windows\System32\Wbem;C:\Windows\System32\WindowsPowerShell\v1.0\;C:\Program Files (x86)\Microsoft SQL Server\100\Tools\Binn\VSShell\Common7\IDE\;C:\Program Files (x86)\Microsoft SQL Server\100\Tools\Binn\;C:\Program Files\Microsoft SQL Server\100\Tools\Binn\;C:\Program Files (x86)\Microsoft SQL Server\100\DTS\Binn\;C:\Program Files\Microsoft SQL Server\100\DTS\Binn\;C:\Program Files (x86)\Microsoft Team Foundation Server 2012 Power Tools\;C:\Program Files (x86)\Microsoft Team Foundation Server 2012 Power Tools\Best Practices Analyzer\;C:\Program Files\System Center Operations Manager 2007\;C:\Program Files (x86)\Microsoft ASP.NET\ASP.NET Web Pages\v1.0\;C:\Program Files\Microsoft SQL Server\110\Tools\Binn\;C:\Program Files\Microsoft\Web Platform Installer\;C:\Program Files\Devart\Review Assistant;C:\Program Files\Microsoft SQL Server\120\Tools\Binn\;C:\Program Files\nodejs\;C:\Users\htan\Documents\Visual Studio 2012\Projects\MvcApplication2\node_modules\protractor\selenium;C:\Program Files (x86)\Git\cmd;C:\Program Files (x86)\GtkSharp\2.12\bin;C:\Program Files (x86)\Skype\Phone\;C:\Program Files (x86)\Windows Kits\8.1\Windows Performance Toolkit\;C:\Program Files (x86)\Microsoft SDKs\TypeScript\1.4\;C:\Program Files (x86)\nodejs\;C:\Ruby193\bin;C:\Program Files\Java\jdk1.7.0_71;C:\Program Files\Java\jre7;C:\apache-ant-1.9.3\bin;I:\Android\android-sdk\tools;I:\Android\android-sdk\platform-tools;C:\Users\htan\AppData\Roaming\npm
USERNAME=htan
OS=Windows_NT
PROCESSOR_IDENTIFIER=Intel64 Family 6 Model 42 Stepping 7, GenuineIntel



---------------  S Y S T E M  ---------------

OS: Windows 7 , 64 bit Build 7601 Service Pack 1

CPU:total 8 (4 cores per cpu, 2 threads per core) family 6 model 42 stepping 7, cmov, cx8, fxsr, mmx, sse, sse2, sse3, ssse3, sse4.1, sse4.2, popcnt, avx, aes, ht, tsc, tscinvbit

Memory: 4k page, physical 8233400k(903052k free), swap 9598696k(5048k free)

vm_info: Java HotSpot(TM) 64-Bit Server VM (24.71-b01) for windows-amd64 JRE (1.7.0_71-b14), built on Sep 26 2014 16:16:12 by "java_re" with unknown MS VC++:1600

time: Thu Jul 09 11:11:12 2015
elapsed time: 1 seconds

