#
# A fatal error has been detected by the Java Runtime Environment:
#
#  EXCEPTION_ACCESS_VIOLATION (0xc0000005) at pc=0x000000006655e357, pid=7144, tid=12832
#
# JRE version: Java(TM) SE Runtime Environment (7.0_71-b14) (build 1.7.0_71-b14)
# Java VM: Java HotSpot(TM) 64-Bit Server VM (24.71-b01 mixed mode windows-amd64 compressed oops)
# Problematic frame:
# V  [jvm.dll+0x1ce357]
#
# Failed to write core dump. Minidumps are not enabled by default on client versions of Windows
#
# If you would like to submit a bug report, please visit:
#   http://bugreport.sun.com/bugreport/crash.jsp
#

---------------  T H R E A D  ---------------

Current thread (0x0000000002109000):  JavaThread "main" [_thread_in_vm, id=12832, stack(0x0000000002410000,0x0000000002510000)]

siginfo: ExceptionCode=0xc0000005, writing address 0x0000000002500c40

Registers:
RAX=0x0000000002500c40, RBX=0x0000000000000007, RCX=0x0000000000006000, RDX=0x0000000002419170
RSP=0x0000000002506c40, RBP=0x0000000000000000, RSI=0x0000000002506c40, RDI=0x0000000000000007
R8 =0x0000000000000009, R9 =0x0000000002109000, R10=0x0000000002506de8, R11=0x0000000002506e28
R12=0x0000000002506e28, R13=0x0000000002506d88, R14=0x0000000002506e40, R15=0x0000000002520840
RIP=0x000000006655e357, EFLAGS=0x0000000000010202

Top of Stack: (sp=0x0000000002506c40)
0x0000000002506c40:   00000000089af140 00000000020a0274
0x0000000002506c50:   00000000020a0560 0000000000000000
0x0000000002506c60:   0000000000000000 000000006655ee9a
0x0000000002506c70:   0000000002506e00 00000000089af140
0x0000000002506c80:   0000000002109000 0000000002109000
0x0000000002506c90:   0000000000000020 0000000001c90000
0x0000000002506ca0:   0000000000000018 0000000000000018
0x0000000002506cb0:   0000000001c90298 0000000077093488
0x0000000002506cc0:   0000000000000000 0000000000000018
0x0000000002506cd0:   0000003f001c0031 00000000020a0470
0x0000000002506ce0:   0000000002109000 0000000066567522
0x0000000002506cf0:   0000000001c9d5f0 00000000663eae7f
0x0000000002506d00:   00000000089af130 0000000051b80f0a
0x0000000002506d10:   00000000089af138 0000000066561245
0x0000000002506d20:   0000000000000377 0000000002109000
0x0000000002506d30:   0000000000000377 0000000002109000 

Instructions: (pc=0x000000006655e357)
0x000000006655e337:   48 89 6c 24 30 33 ed 66 90 e8 db b4 07 00 ff c3
0x000000006655e347:   48 63 c8 48 8b c6 48 0f af cf 48 ff c7 48 2b c1
0x000000006655e357:   89 28 48 63 c3 48 3b 05 cd c3 52 00 7e db 48 8b
0x000000006655e367:   6c 24 30 48 8b 5c 24 38 48 8b 74 24 40 48 83 c4 


Register to memory mapping:

RAX=0x0000000002500c40 is pointing into the stack for thread: 0x0000000002109000
RBX=0x0000000000000007 is an unknown value
RCX=0x0000000000006000 is an unknown value
RDX=0x0000000002419170 is pointing into the stack for thread: 0x0000000002109000
RSP=0x0000000002506c40 is pointing into the stack for thread: 0x0000000002109000
RBP=0x0000000000000000 is an unknown value
RSI=0x0000000002506c40 is pointing into the stack for thread: 0x0000000002109000
RDI=0x0000000000000007 is an unknown value
R8 =0x0000000000000009 is an unknown value
R9 =0x0000000002109000 is a thread
R10=0x0000000002506de8 is pointing into the stack for thread: 0x0000000002109000
R11=0x0000000002506e28 is pointing into the stack for thread: 0x0000000002109000
R12=0x0000000002506e28 is pointing into the stack for thread: 0x0000000002109000
R13=0x0000000002506d88 is pointing into the stack for thread: 0x0000000002109000
R14=0x0000000002506e40 is pointing into the stack for thread: 0x0000000002109000
R15=0x0000000002520840 is at code_begin+0 in an Interpreter codelet
method entry point (kind = zerolocals)  [0x0000000002520840, 0x0000000002520b40]  768 bytes


Stack: [0x0000000002410000,0x0000000002510000],  sp=0x0000000002506c40,  free space=987k
Native frames: (J=compiled Java code, j=interpreted, Vv=VM code, C=native code)
V  [jvm.dll+0x1ce357]

[error occurred during error reporting (printing native stack), id 0xc0000005]

