#
# There is insufficient memory for the Java Runtime Environment to continue.
# Native memory allocation (malloc) failed to allocate 10912 bytes for AllocateHeap
# Possible reasons:
#   The system is out of physical RAM or swap space
#   In 32 bit mode, the process size limit was hit
# Possible solutions:
#   Reduce memory load on the system
#   Increase physical memory or swap space
#   Check if swap backing store is full
#   Use 64 bit Java on a 64 bit OS
#   Decrease Java heap size (-Xmx/-Xms)
#   Decrease number of Java threads
#   Decrease Java thread stack sizes (-Xss)
#   Set larger code cache with -XX:ReservedCodeCacheSize=
# This output file may be truncated or incomplete.
#
#  Out of Memory Error (memory/allocation.inline.hpp:61), pid=18364, tid=18860
#
# JRE version: Java(TM) SE Runtime Environment (7.0_71-b14) (build 1.7.0_71-b14)
# Java VM: Java HotSpot(TM) 64-Bit Server VM (24.71-b01 mixed mode windows-amd64 compressed oops)
# Failed to write core dump. Minidumps are not enabled by default on client versions of Windows
#

---------------  T H R E A D  ---------------

Current thread (0x000000000765e800):  JavaThread "C2 CompilerThread0" daemon [_thread_in_vm, id=18860, stack(0x0000000009ec0000,0x0000000009fc0000)]

Stack: [0x0000000009ec0000,0x0000000009fc0000]
[error occurred during error reporting (printing stack bounds), id 0xc0000005]


Current CompileTask:
C2:   2315  214   !         com.android.dx.cf.code.Ropper::processBlock (1101 bytes)


---------------  P R O C E S S  ---------------

Java Threads: ( => current thread )
  0x0000000008706000 JavaThread "Service Thread" daemon [_thread_blocked, id=14524, stack(0x000000000a130000,0x000000000a230000)]
  0x0000000008704800 JavaThread "C2 CompilerThread1" daemon [_thread_in_native, id=9184, stack(0x000000000a030000,0x000000000a130000)]
=>0x000000000765e800 JavaThread "C2 CompilerThread0" daemon [_thread_in_vm, id=18860, stack(0x0000000009ec0000,0x0000000009fc0000)]
  0x00000000086f9800 JavaThread "Attach Listener" daemon [_thread_blocked, id=13984, stack(0x0000000009d70000,0x0000000009e70000)]
  0x00000000086f8800 JavaThread "Signal Dispatcher" daemon [_thread_blocked, id=15452, stack(0x0000000009bd0000,0x0000000009cd0000)]
  0x000000000223a800 JavaThread "Finalizer" daemon [_thread_blocked, id=18556, stack(0x0000000009a80000,0x0000000009b80000)]
  0x0000000002239800 JavaThread "Reference Handler" daemon [_thread_blocked, id=21320, stack(0x0000000009960000,0x0000000009a60000)]
  0x00000000021a9000 JavaThread "main" [_thread_in_vm, id=12620, stack(0x00000000022f0000,0x00000000023f0000)]

Other Threads:
  0x000000000763d000 VMThread [stack: 0x0000000009760000,0x0000000009860000] [id=18924]
  0x000000000870b800 WatcherThread [stack: 0x000000000a370000,0x000000000a470000] [id=17156]

VM state:not at safepoint (normal execution)

VM Mutex/Monitor currently owned by a thread:  ([mutex/lock_event])
[0x00000000022e9a70] CodeCache_lock - owner thread: 0x000000000765e800
[0x00000000022ee920] Compile_lock - owner thread: 0x000000000765e800
[0x00000000022eea20] MethodCompileQueue_lock - owner thread: 0x000000000765e800

Heap
 PSYoungGen      total 37888K, used 29567K [0x00000000f5500000, 0x00000000f7f00000, 0x0000000100000000)
  eden space 32768K, 90% used [0x00000000f5500000,0x00000000f71dfc10,0x00000000f7500000)
  from space 5120K, 0% used [0x00000000f7a00000,0x00000000f7a00000,0x00000000f7f00000)
  to   space 5120K, 0% used [0x00000000f7500000,0x00000000f7500000,0x00000000f7a00000)
 ParOldGen       total 85504K, used 0K [0x00000000e0000000, 0x00000000e5380000, 0x00000000f5500000)
  object space 85504K, 0% used [0x00000000e0000000,0x00000000e0000000,0x00000000e5380000)
 PSPermGen       total 21504K, used 5496K [0x00000000dae00000, 0x00000000dc300000, 0x00000000e0000000)
  object space 21504K, 25% used [0x00000000dae00000,0x00000000db35e070,0x00000000dc300000)

Card table byte_map: [0x0000000005490000,0x00000000055c0000] byte_map_base: 0x0000000004db9000

Polling page: 0x0000000000130000

Code Cache  [0x0000000002490000, 0x0000000002700000, 0x0000000005490000)
 total_blobs=450 nmethods=213 adapters=186 free_code_cache=48248Kb largest_free_block=49386880

Compilation events (10 events):
Event: 2.149 Thread 0x000000000765e800 nmethod 209 0x0000000002564350 code [0x00000000025644a0, 0x0000000002564638]
Event: 2.149 Thread 0x000000000765e800  210             com.android.dx.rop.cst.CstMemberRef::compareTo0 (49 bytes)
Event: 2.151 Thread 0x000000000765e800 nmethod 210 0x0000000002563b10 code [0x0000000002563c60, 0x0000000002563f58]
Event: 2.151 Thread 0x000000000765e800  211             com.android.dx.ssa.SsaRenamer::access$000 (5 bytes)
Event: 2.152 Thread 0x000000000765e800 nmethod 211 0x000000000255fdd0 code [0x000000000255ff00, 0x000000000255ff58]
Event: 2.152 Thread 0x000000000765e800  212             com.android.dx.rop.code.Rop::isCallLike (5 bytes)
Event: 2.152 Thread 0x000000000765e800 nmethod 212 0x0000000002563910 code [0x0000000002563a40, 0x0000000002563a98]
Event: 2.152 Thread 0x000000000765e800  213             com.android.dx.cf.code.Frame::getStack (5 bytes)
Event: 2.152 Thread 0x000000000765e800 nmethod 213 0x0000000002563710 code [0x0000000002563840, 0x0000000002563898]
Event: 2.152 Thread 0x000000000765e800  214   !         com.android.dx.cf.code.Ropper::processBlock (1101 bytes)

GC Heap History (0 events):
No events

Deoptimization events (7 events):
Event: 1.300 Thread 0x00000000021a9000 Uncommon trap: reason=null_check action=make_not_entrant pc=0x000000000250b0f4 method=com.android.dx.rop.code.LocalItem.equals(Ljava/lang/Object;)Z @ 1
Event: 1.613 Thread 0x00000000021a9000 Uncommon trap: reason=class_check action=maybe_recompile pc=0x000000000251e4fc method=com.android.dx.ssa.NormalSsaInsn.accept(Lcom/android/dx/ssa/SsaInsn$Visitor;)V @ 9
Event: 1.613 Thread 0x00000000021a9000 Uncommon trap: reason=class_check action=maybe_recompile pc=0x00000000024fe1b4 method=com.android.dx.ssa.NormalSsaInsn.accept(Lcom/android/dx/ssa/SsaInsn$Visitor;)V @ 9
Event: 1.613 Thread 0x00000000021a9000 Uncommon trap: reason=class_check action=maybe_recompile pc=0x00000000024fe1b4 method=com.android.dx.ssa.NormalSsaInsn.accept(Lcom/android/dx/ssa/SsaInsn$Visitor;)V @ 9
Event: 1.614 Thread 0x00000000021a9000 Uncommon trap: reason=class_check action=maybe_recompile pc=0x000000000251e4fc method=com.android.dx.ssa.NormalSsaInsn.accept(Lcom/android/dx/ssa/SsaInsn$Visitor;)V @ 9
Event: 1.614 Thread 0x00000000021a9000 Uncommon trap: reason=class_check action=maybe_recompile pc=0x00000000024fe1b4 method=com.android.dx.ssa.NormalSsaInsn.accept(Lcom/android/dx/ssa/SsaInsn$Visitor;)V @ 9
Event: 2.054 Thread 0x00000000021a9000 Uncommon trap: reason=null_check action=make_not_entrant pc=0x000000000255721c method=com.android.dx.ssa.SsaRenamer.getLocalForNewReg(I)Lcom/android/dx/rop/code/LocalItem; @ 19

Internal exceptions (10 events):
Event: 0.897 Thread 0x00000000021a9000 Threw 0x00000000f5d66ef8 at C:\re\jdk7u71\1605\hotspot\src\share\vm\prims\jvm.cpp:1281
Event: 0.899 Thread 0x00000000021a9000 Threw 0x00000000f5d737e0 at C:\re\jdk7u71\1605\hotspot\src\share\vm\prims\jvm.cpp:1281
Event: 0.900 Thread 0x00000000021a9000 Threw 0x00000000f5d75f90 at C:\re\jdk7u71\1605\hotspot\src\share\vm\prims\jvm.cpp:1281
Event: 0.900 Thread 0x00000000021a9000 Threw 0x00000000f5d78690 at C:\re\jdk7u71\1605\hotspot\src\share\vm\prims\jvm.cpp:1281
Event: 0.901 Thread 0x00000000021a9000 Threw 0x00000000f5d7b360 at C:\re\jdk7u71\1605\hotspot\src\share\vm\prims\jvm.cpp:1281
Event: 0.933 Thread 0x00000000021a9000 Threw 0x00000000f5ddae70 at C:\re\jdk7u71\1605\hotspot\src\share\vm\prims\jvm.cpp:1281
Event: 1.300 Thread 0x00000000021a9000 Implicit null exception at 0x000000000250ad9b to 0x000000000250b0e1
Event: 1.429 Thread 0x00000000021a9000 Threw 0x00000000f61c1438 at C:\re\jdk7u71\1605\hotspot\src\share\vm\prims\jvm.cpp:1281
Event: 1.993 Thread 0x00000000021a9000 Threw 0x00000000f6aeabc0 at C:\re\jdk7u71\1605\hotspot\src\share\vm\prims\jvm.cpp:1281
Event: 2.054 Thread 0x00000000021a9000 Implicit null exception at 0x0000000002555fb4 to 0x00000000025571f1

Events (10 events):
Event: 1.614 Thread 0x00000000021a9000 DEOPT UNPACKING pc=0x00000000024c75a4 sp=0x00000000023ee7a0 mode 2
Event: 1.628 loading class 0x000000000870e4b0
Event: 1.628 loading class 0x000000000870e4b0 done
Event: 1.628 loading class 0x000000000870e480
Event: 1.628 loading class 0x000000000870e480 done
Event: 1.993 loading class 0x000000000874af20
Event: 1.993 loading class 0x000000000874af20 done
Event: 2.054 Thread 0x00000000021a9000 Uncommon trap: trap_request=0xfffffff4 fr.pc=0x000000000255721c
Event: 2.054 Thread 0x00000000021a9000 DEOPT PACKING pc=0x000000000255721c sp=0x00000000023eea30
Event: 2.054 Thread 0x00000000021a9000 DEOPT UNPACKING pc=0x00000000024c75a4 sp=0x00000000023ee7c8 mode 2


Dynamic libraries:
0x000000013f540000 - 0x000000013f573000 	C:\Program Files\Java\jdk1.7.0_71\bin\java.exe
0x0000000077040000 - 0x00000000771e9000 	C:\Windows\SYSTEM32\ntdll.dll
0x0000000076e20000 - 0x0000000076f3f000 	C:\Windows\system32\kernel32.dll
0x000007fefc3e0000 - 0x000007fefc44c000 	C:\Windows\system32\KERNELBASE.dll
0x000007fefc600000 - 0x000007fefc6db000 	C:\Windows\system32\ADVAPI32.dll
0x000007fefddc0000 - 0x000007fefde5f000 	C:\Windows\system32\msvcrt.dll
0x000007fefdb30000 - 0x000007fefdb4f000 	C:\Windows\SYSTEM32\sechost.dll
0x000007fefe340000 - 0x000007fefe46d000 	C:\Windows\system32\RPCRT4.dll
0x0000000076f40000 - 0x000000007703a000 	C:\Windows\system32\USER32.dll
0x000007fefd680000 - 0x000007fefd6e7000 	C:\Windows\system32\GDI32.dll
0x000007fefdd60000 - 0x000007fefdd6e000 	C:\Windows\system32\LPK.dll
0x000007fefde60000 - 0x000007fefdf29000 	C:\Windows\system32\USP10.dll
0x000007fefaa60000 - 0x000007fefac54000 	C:\Windows\WinSxS\amd64_microsoft.windows.common-controls_6595b64144ccf1df_6.0.7601.17514_none_fa396087175ac9ac\COMCTL32.dll
0x000007fefdb50000 - 0x000007fefdbc1000 	C:\Windows\system32\SHLWAPI.dll
0x000007fefc6e0000 - 0x000007fefc70e000 	C:\Windows\system32\IMM32.DLL
0x000007fefc450000 - 0x000007fefc559000 	C:\Windows\system32\MSCTF.dll
0x0000000067210000 - 0x00000000672e2000 	C:\Program Files\Java\jdk1.7.0_71\jre\bin\msvcr100.dll
0x0000000050830000 - 0x0000000051003000 	C:\Program Files\Java\jdk1.7.0_71\jre\bin\server\jvm.dll
0x000007fef7f00000 - 0x000007fef7f09000 	C:\Windows\system32\WSOCK32.dll
0x000007fefdd70000 - 0x000007fefddbd000 	C:\Windows\system32\WS2_32.dll
0x000007fefdd50000 - 0x000007fefdd58000 	C:\Windows\system32\NSI.dll
0x000007fef9ac0000 - 0x000007fef9afb000 	C:\Windows\system32\WINMM.dll
0x0000000077210000 - 0x0000000077217000 	C:\Windows\system32\PSAPI.DLL
0x0000000070720000 - 0x000000007072f000 	C:\Program Files\Java\jdk1.7.0_71\jre\bin\verify.dll
0x000000006f6d0000 - 0x000000006f6f8000 	C:\Program Files\Java\jdk1.7.0_71\jre\bin\java.dll
0x0000000070700000 - 0x0000000070715000 	C:\Program Files\Java\jdk1.7.0_71\jre\bin\zip.dll
0x000000006f6b0000 - 0x000000006f6c9000 	C:\Program Files\Java\jdk1.7.0_71\jre\bin\net.dll
0x000007fefb870000 - 0x000007fefb8c5000 	C:\Windows\system32\mswsock.dll
0x000007fefbaf0000 - 0x000007fefbaf7000 	C:\Windows\System32\wship6.dll
0x000000006f590000 - 0x000000006f5a1000 	C:\Program Files\Java\jdk1.7.0_71\jre\bin\nio.dll

VM Arguments:
jvm_args: -Xmx1024M -Dfile.encoding=windows-1252 -Duser.country=GB -Duser.language=en -Duser.variant -Xmx512M 
java_command: com.android.dx.command.Main --dex --output I:\GitHub\SpotifyStreamer\app\build\intermediates\pre-dexed\debug\okhttp-2.2.0-1fdb7ab7cfafde28b7c9f9b473d144cd79d7dcaa.jar C:\Users\htan\.gradle\caches\modules-2\files-2.1\com.squareup.okhttp\okhttp\2.2.0\959c454243581fdf730abfd4f4745441724bcf2c\okhttp-2.2.0.jar
Launcher Type: SUN_STANDARD

Environment Variables:
JAVA_HOME=C:\Program Files\Java\jdk1.7.0_71
_JAVA_OPTIONS=-Xmx512M
PATH=C:\ProgramData\Oracle\Java\javapath;C:\Windows\system32;C:\Windows;C:\Windows\System32\Wbem;C:\Windows\System32\WindowsPowerShell\v1.0\;C:\Program Files (x86)\Microsoft SQL Server\100\Tools\Binn\VSShell\Common7\IDE\;C:\Program Files (x86)\Microsoft SQL Server\100\Tools\Binn\;C:\Program Files\Microsoft SQL Server\100\Tools\Binn\;C:\Program Files (x86)\Microsoft SQL Server\100\DTS\Binn\;C:\Program Files\Microsoft SQL Server\100\DTS\Binn\;C:\Program Files (x86)\Microsoft Team Foundation Server 2012 Power Tools\;C:\Program Files (x86)\Microsoft Team Foundation Server 2012 Power Tools\Best Practices Analyzer\;C:\Program Files\System Center Operations Manager 2007\;C:\Program Files (x86)\Microsoft ASP.NET\ASP.NET Web Pages\v1.0\;C:\Program Files\Microsoft SQL Server\110\Tools\Binn\;C:\Program Files\Microsoft\Web Platform Installer\;C:\Program Files\Devart\Review Assistant;C:\Program Files\Microsoft SQL Server\120\Tools\Binn\;C:\Program Files\nodejs\;C:\Users\htan\Documents\Visual Studio 2012\Projects\MvcApplication2\node_modules\protractor\selenium;C:\Program Files (x86)\Git\cmd;C:\Program Files (x86)\GtkSharp\2.12\bin;C:\Program Files (x86)\Skype\Phone\;C:\Program Files (x86)\Windows Kits\8.1\Windows Performance Toolkit\;C:\Program Files (x86)\Microsoft SDKs\TypeScript\1.4\;C:\Program Files (x86)\nodejs\;C:\Ruby193\bin;C:\Program Files\Java\jdk1.7.0_71;C:\Program Files\Java\jre7;C:\apache-ant-1.9.3\bin;I:\Android\android-sdk\tools;I:\Android\android-sdk\platform-tools;C:\Users\htan\AppData\Roaming\npm
USERNAME=htan
OS=Windows_NT
PROCESSOR_IDENTIFIER=Intel64 Family 6 Model 42 Stepping 7, GenuineIntel



---------------  S Y S T E M  ---------------

OS: Windows 7 , 64 bit Build 7601 Service Pack 1

CPU:total 8 (4 cores per cpu, 2 threads per core) family 6 model 42 stepping 7, cmov, cx8, fxsr, mmx, sse, sse2, sse3, ssse3, sse4.1, sse4.2, popcnt, avx, aes, ht, tsc, tscinvbit

Memory: 4k page, physical 8233400k(1471256k free), swap 9598696k(5404k free)

vm_info: Java HotSpot(TM) 64-Bit Server VM (24.71-b01) for windows-amd64 JRE (1.7.0_71-b14), built on Sep 26 2014 16:16:12 by "java_re" with unknown MS VC++:1600

time: Wed Jun 17 15:47:01 2015
elapsed time: 2 seconds

