#
# There is insufficient memory for the Java Runtime Environment to continue.
# Native memory allocation (malloc) failed to allocate 262160 bytes for Chunk::new
# Possible reasons:
#   The system is out of physical RAM or swap space
#   In 32 bit mode, the process size limit was hit
# Possible solutions:
#   Reduce memory load on the system
#   Increase physical memory or swap space
#   Check if swap backing store is full
#   Use 64 bit Java on a 64 bit OS
#   Decrease Java heap size (-Xmx/-Xms)
#   Decrease number of Java threads
#   Decrease Java thread stack sizes (-Xss)
#   Set larger code cache with -XX:ReservedCodeCacheSize=
# This output file may be truncated or incomplete.
#
#  Out of Memory Error (allocation.cpp:323), pid=2184, tid=8276
#
# JRE version: Java(TM) SE Runtime Environment (7.0_71-b14) (build 1.7.0_71-b14)
# Java VM: Java HotSpot(TM) 64-Bit Server VM (24.71-b01 mixed mode windows-amd64 compressed oops)
# Failed to write core dump. Minidumps are not enabled by default on client versions of Windows
#

---------------  T H R E A D  ---------------

Current thread (0x00000000076ec000):  JavaThread "C2 CompilerThread1" daemon [_thread_in_native, id=8276, stack(0x0000000009c40000,0x0000000009d40000)]

Stack: [0x0000000009c40000,0x0000000009d40000]
[error occurred during error reporting (printing stack bounds), id 0xc0000005]


Current CompileTask:
C2:   2300  196             com.android.dx.ssa.SCCP::run (298 bytes)


---------------  P R O C E S S  ---------------

Java Threads: ( => current thread )
  0x00000000088a4000 JavaThread "Service Thread" daemon [_thread_blocked, id=5212, stack(0x000000000a070000,0x000000000a170000)]
=>0x00000000076ec000 JavaThread "C2 CompilerThread1" daemon [_thread_in_native, id=8276, stack(0x0000000009c40000,0x0000000009d40000)]
  0x00000000076e4800 JavaThread "C2 CompilerThread0" daemon [_thread_in_native, id=11180, stack(0x0000000009e90000,0x0000000009f90000)]
  0x00000000076e3800 JavaThread "Attach Listener" daemon [_thread_blocked, id=13104, stack(0x0000000009d40000,0x0000000009e40000)]
  0x00000000076e2800 JavaThread "Signal Dispatcher" daemon [_thread_blocked, id=18460, stack(0x0000000009a00000,0x0000000009b00000)]
  0x00000000076d7000 JavaThread "Finalizer" daemon [_thread_blocked, id=19076, stack(0x0000000009b10000,0x0000000009c10000)]
  0x00000000076d0800 JavaThread "Reference Handler" daemon [_thread_blocked, id=20292, stack(0x00000000097a0000,0x00000000098a0000)]
  0x00000000020d9000 JavaThread "main" [_thread_blocked, id=14348, stack(0x0000000002520000,0x0000000002620000)]

Other Threads:
  0x00000000076cd000 VMThread [stack: 0x00000000098c0000,0x00000000099c0000] [id=19832]
  0x00000000088ad800 WatcherThread [stack: 0x000000000a2e0000,0x000000000a3e0000] [id=15596]

VM state:not at safepoint (normal execution)

VM Mutex/Monitor currently owned by a thread:  ([mutex/lock_event])
[0x000000000225e3a0] Heap_lock - owner thread: 0x00000000020d9000

Heap
 PSYoungGen      total 37888K, used 32768K [0x00000000f5500000, 0x00000000f7f00000, 0x0000000100000000)
  eden space 32768K, 100% used [0x00000000f5500000,0x00000000f7500000,0x00000000f7500000)
  from space 5120K, 0% used [0x00000000f7a00000,0x00000000f7a00000,0x00000000f7f00000)
  to   space 5120K, 0% used [0x00000000f7500000,0x00000000f7500000,0x00000000f7a00000)
 ParOldGen       total 85504K, used 0K [0x00000000e0000000, 0x00000000e5380000, 0x00000000f5500000)
  object space 85504K, 0% used [0x00000000e0000000,0x00000000e0000000,0x00000000e5380000)
 PSPermGen       total 21504K, used 5546K [0x00000000dae00000, 0x00000000dc300000, 0x00000000e0000000)
  object space 21504K, 25% used [0x00000000dae00000,0x00000000db36aa70,0x00000000dc300000)

Card table byte_map: [0x0000000002260000,0x0000000002390000] byte_map_base: 0x0000000001b89000

Polling page: 0x0000000000350000

Code Cache  [0x0000000002620000, 0x0000000002890000, 0x0000000005620000)
 total_blobs=448 nmethods=214 adapters=186 free_code_cache=48293Kb largest_free_block=49424704

Compilation events (10 events):
Event: 2.239 Thread 0x00000000076e4800 nmethod 210 0x00000000026f1a10 code [0x00000000026f1b60, 0x00000000026f1d18]
Event: 2.239 Thread 0x00000000076e4800  211             java.lang.Float::isNaN (12 bytes)
Event: 2.240 Thread 0x00000000076e4800 nmethod 211 0x00000000026eb650 code [0x00000000026eb780, 0x00000000026eb7d8]
Event: 2.240 Thread 0x00000000076e4800  212             java.util.HashMap::<init> (119 bytes)
Event: 2.241 Thread 0x00000000076e4800 nmethod 212 0x00000000026f1710 code [0x00000000026f1860, 0x00000000026f1958]
Event: 2.241 Thread 0x00000000076e4800  213             java.util.HashMap::init (1 bytes)
Event: 2.241 Thread 0x00000000076e4800 nmethod 213 0x00000000026f1510 code [0x00000000026f1640, 0x00000000026f1698]
Event: 2.241 Thread 0x00000000076e4800  214             com.android.dx.rop.cst.CstMemberRef::compareTo0 (49 bytes)
Event: 2.243 Thread 0x00000000076e4800 nmethod 214 0x00000000026f0cd0 code [0x00000000026f0e20, 0x00000000026f1118]
Event: 2.243 Thread 0x00000000076e4800  215             com.android.dx.ssa.SsaBasicBlock::newFromRop (183 bytes)

GC Heap History (0 events):
No events

Deoptimization events (2 events):
Event: 1.200 Thread 0x00000000020d9000 Uncommon trap: reason=class_check action=maybe_recompile pc=0x0000000002695f74 method=com.android.dx.ssa.NormalSsaInsn.accept(Lcom/android/dx/ssa/SsaInsn$Visitor;)V @ 9
Event: 2.036 Thread 0x00000000020d9000 Uncommon trap: reason=null_check action=make_not_entrant pc=0x00000000026de7f0 method=com.android.dx.ssa.SsaRenamer.getLocalForNewReg(I)Lcom/android/dx/rop/code/LocalItem; @ 19

Internal exceptions (10 events):
Event: 0.858 Thread 0x00000000020d9000 Threw 0x00000000f5cd7408 at C:\re\jdk7u71\1605\hotspot\src\share\vm\prims\jvm.cpp:1281
Event: 0.897 Thread 0x00000000020d9000 Threw 0x00000000f5d442f8 at C:\re\jdk7u71\1605\hotspot\src\share\vm\prims\jvm.cpp:1281
Event: 0.897 Thread 0x00000000020d9000 Threw 0x00000000f5d46aa8 at C:\re\jdk7u71\1605\hotspot\src\share\vm\prims\jvm.cpp:1281
Event: 0.898 Thread 0x00000000020d9000 Threw 0x00000000f5d491a8 at C:\re\jdk7u71\1605\hotspot\src\share\vm\prims\jvm.cpp:1281
Event: 0.899 Thread 0x00000000020d9000 Threw 0x00000000f5d4be78 at C:\re\jdk7u71\1605\hotspot\src\share\vm\prims\jvm.cpp:1281
Event: 1.145 Thread 0x00000000020d9000 Threw 0x00000000f5fbb4c0 at C:\re\jdk7u71\1605\hotspot\src\share\vm\prims\jvm.cpp:1281
Event: 1.192 Thread 0x00000000020d9000 Threw 0x00000000f60204a0 at C:\re\jdk7u71\1605\hotspot\src\share\vm\prims\jvm.cpp:1281
Event: 2.036 Thread 0x00000000020d9000 Implicit null exception at 0x00000000026dd26d to 0x00000000026de7bd
Event: 2.148 Thread 0x00000000020d9000 Threw 0x00000000f7451270 at C:\re\jdk7u71\1605\hotspot\src\share\vm\prims\jvm.cpp:1281
Event: 2.256 Thread 0x00000000020d9000 Threw 0x00000000f74c5170 at C:\re\jdk7u71\1605\hotspot\src\share\vm\prims\jvm.cpp:1281

Events (10 events):
Event: 1.200 Thread 0x00000000020d9000 Uncommon trap: trap_request=0xffffffde fr.pc=0x0000000002695f74
Event: 1.200 Thread 0x00000000020d9000 DEOPT PACKING pc=0x0000000002695f74 sp=0x000000000261e6d0
Event: 1.200 Thread 0x00000000020d9000 DEOPT UNPACKING pc=0x00000000026575a4 sp=0x000000000261e620 mode 2
Event: 2.036 Thread 0x00000000020d9000 Uncommon trap: trap_request=0xfffffff4 fr.pc=0x00000000026de7f0
Event: 2.036 Thread 0x00000000020d9000 DEOPT PACKING pc=0x00000000026de7f0 sp=0x000000000261e7a0
Event: 2.036 Thread 0x00000000020d9000 DEOPT UNPACKING pc=0x00000000026575a4 sp=0x000000000261e538 mode 2
Event: 2.148 loading class 0x0000000008a64eb0
Event: 2.148 loading class 0x0000000008a64eb0 done
Event: 2.256 loading class 0x0000000008a50400
Event: 2.256 loading class 0x0000000008a50400 done


Dynamic libraries:
0x000000013f540000 - 0x000000013f573000 	C:\Program Files\Java\jdk1.7.0_71\bin\java.exe
0x0000000077040000 - 0x00000000771e9000 	C:\Windows\SYSTEM32\ntdll.dll
0x0000000076e20000 - 0x0000000076f3f000 	C:\Windows\system32\kernel32.dll
0x000007fefc3e0000 - 0x000007fefc44c000 	C:\Windows\system32\KERNELBASE.dll
0x000007fefc600000 - 0x000007fefc6db000 	C:\Windows\system32\ADVAPI32.dll
0x000007fefddc0000 - 0x000007fefde5f000 	C:\Windows\system32\msvcrt.dll
0x000007fefdb30000 - 0x000007fefdb4f000 	C:\Windows\SYSTEM32\sechost.dll
0x000007fefe340000 - 0x000007fefe46d000 	C:\Windows\system32\RPCRT4.dll
0x0000000076f40000 - 0x000000007703a000 	C:\Windows\system32\USER32.dll
0x000007fefd680000 - 0x000007fefd6e7000 	C:\Windows\system32\GDI32.dll
0x000007fefdd60000 - 0x000007fefdd6e000 	C:\Windows\system32\LPK.dll
0x000007fefde60000 - 0x000007fefdf29000 	C:\Windows\system32\USP10.dll
0x000007fefaa60000 - 0x000007fefac54000 	C:\Windows\WinSxS\amd64_microsoft.windows.common-controls_6595b64144ccf1df_6.0.7601.17514_none_fa396087175ac9ac\COMCTL32.dll
0x000007fefdb50000 - 0x000007fefdbc1000 	C:\Windows\system32\SHLWAPI.dll
0x000007fefc6e0000 - 0x000007fefc70e000 	C:\Windows\system32\IMM32.DLL
0x000007fefc450000 - 0x000007fefc559000 	C:\Windows\system32\MSCTF.dll
0x0000000067210000 - 0x00000000672e2000 	C:\Program Files\Java\jdk1.7.0_71\jre\bin\msvcr100.dll
0x0000000050830000 - 0x0000000051003000 	C:\Program Files\Java\jdk1.7.0_71\jre\bin\server\jvm.dll
0x000007fef7f00000 - 0x000007fef7f09000 	C:\Windows\system32\WSOCK32.dll
0x000007fefdd70000 - 0x000007fefddbd000 	C:\Windows\system32\WS2_32.dll
0x000007fefdd50000 - 0x000007fefdd58000 	C:\Windows\system32\NSI.dll
0x000007fef9ac0000 - 0x000007fef9afb000 	C:\Windows\system32\WINMM.dll
0x0000000077210000 - 0x0000000077217000 	C:\Windows\system32\PSAPI.DLL
0x0000000070720000 - 0x000000007072f000 	C:\Program Files\Java\jdk1.7.0_71\jre\bin\verify.dll
0x000000006f6d0000 - 0x000000006f6f8000 	C:\Program Files\Java\jdk1.7.0_71\jre\bin\java.dll
0x0000000070700000 - 0x0000000070715000 	C:\Program Files\Java\jdk1.7.0_71\jre\bin\zip.dll
0x000000006f6b0000 - 0x000000006f6c9000 	C:\Program Files\Java\jdk1.7.0_71\jre\bin\net.dll
0x000007fefb870000 - 0x000007fefb8c5000 	C:\Windows\system32\mswsock.dll
0x000007fefbaf0000 - 0x000007fefbaf7000 	C:\Windows\System32\wship6.dll
0x000000006f590000 - 0x000000006f5a1000 	C:\Program Files\Java\jdk1.7.0_71\jre\bin\nio.dll

VM Arguments:
jvm_args: -Xmx1024M -Dfile.encoding=windows-1252 -Duser.country=GB -Duser.language=en -Duser.variant -Xmx512M 
java_command: com.android.dx.command.Main --dex --output I:\GitHub\SpotifyStreamer\app\build\intermediates\pre-dexed\debug\gson-2.3.1-041368ec652d5b9303b99d037c62e44bf8f5a020.jar C:\Users\htan\.gradle\caches\modules-2\files-2.1\com.google.code.gson\gson\2.3.1\ecb6e1f8e4b0e84c4b886c2f14a1500caf309757\gson-2.3.1.jar
Launcher Type: SUN_STANDARD

Environment Variables:
JAVA_HOME=C:\Program Files\Java\jdk1.7.0_71
_JAVA_OPTIONS=-Xmx512M
PATH=C:\ProgramData\Oracle\Java\javapath;C:\Windows\system32;C:\Windows;C:\Windows\System32\Wbem;C:\Windows\System32\WindowsPowerShell\v1.0\;C:\Program Files (x86)\Microsoft SQL Server\100\Tools\Binn\VSShell\Common7\IDE\;C:\Program Files (x86)\Microsoft SQL Server\100\Tools\Binn\;C:\Program Files\Microsoft SQL Server\100\Tools\Binn\;C:\Program Files (x86)\Microsoft SQL Server\100\DTS\Binn\;C:\Program Files\Microsoft SQL Server\100\DTS\Binn\;C:\Program Files (x86)\Microsoft Team Foundation Server 2012 Power Tools\;C:\Program Files (x86)\Microsoft Team Foundation Server 2012 Power Tools\Best Practices Analyzer\;C:\Program Files\System Center Operations Manager 2007\;C:\Program Files (x86)\Microsoft ASP.NET\ASP.NET Web Pages\v1.0\;C:\Program Files\Microsoft SQL Server\110\Tools\Binn\;C:\Program Files\Microsoft\Web Platform Installer\;C:\Program Files\Devart\Review Assistant;C:\Program Files\Microsoft SQL Server\120\Tools\Binn\;C:\Program Files\nodejs\;C:\Users\htan\Documents\Visual Studio 2012\Projects\MvcApplication2\node_modules\protractor\selenium;C:\Program Files (x86)\Git\cmd;C:\Program Files (x86)\GtkSharp\2.12\bin;C:\Program Files (x86)\Skype\Phone\;C:\Program Files (x86)\Windows Kits\8.1\Windows Performance Toolkit\;C:\Program Files (x86)\Microsoft SDKs\TypeScript\1.4\;C:\Program Files (x86)\nodejs\;C:\Ruby193\bin;C:\Program Files\Java\jdk1.7.0_71;C:\Program Files\Java\jre7;C:\apache-ant-1.9.3\bin;I:\Android\android-sdk\tools;I:\Android\android-sdk\platform-tools;C:\Users\htan\AppData\Roaming\npm
USERNAME=htan
OS=Windows_NT
PROCESSOR_IDENTIFIER=Intel64 Family 6 Model 42 Stepping 7, GenuineIntel



---------------  S Y S T E M  ---------------

OS: Windows 7 , 64 bit Build 7601 Service Pack 1

CPU:total 8 (4 cores per cpu, 2 threads per core) family 6 model 42 stepping 7, cmov, cx8, fxsr, mmx, sse, sse2, sse3, ssse3, sse4.1, sse4.2, popcnt, avx, aes, ht, tsc, tscinvbit

Memory: 4k page, physical 8233400k(1474284k free), swap 9598696k(8256k free)

vm_info: Java HotSpot(TM) 64-Bit Server VM (24.71-b01) for windows-amd64 JRE (1.7.0_71-b14), built on Sep 26 2014 16:16:12 by "java_re" with unknown MS VC++:1600

time: Wed Jun 17 15:47:01 2015
elapsed time: 2 seconds

